Connecting to database specified by database.yml
Connecting to database specified by database.yml
Connecting to database specified by database.yml
  [1m[36m (0.7ms)[0m  [1mselect sqlite_version(*)[0m
  [1m[35m (1.0ms)[0m  CREATE TABLE "schema_migrations" ("version" varchar(255) NOT NULL) 
  [1m[36m (0.0ms)[0m  [1mPRAGMA index_list("schema_migrations")[0m
  [1m[35m (2.1ms)[0m  CREATE UNIQUE INDEX "unique_schema_migrations" ON "schema_migrations" ("version")
  [1m[36m (0.1ms)[0m  [1mSELECT "schema_migrations"."version" FROM "schema_migrations" [0m
Migrating to CreateProjects (20121214015623)
  [1m[35m (0.0ms)[0m  begin transaction
  [1m[36m (0.3ms)[0m  [1mCREATE TABLE "projects" ("id" INTEGER PRIMARY KEY AUTOINCREMENT NOT NULL, "name" varchar(255), "created_at" datetime NOT NULL, "updated_at" datetime NOT NULL) [0m
  [1m[35m (0.1ms)[0m  INSERT INTO "schema_migrations" ("version") VALUES ('20121214015623')
  [1m[36m (1.0ms)[0m  [1mcommit transaction[0m
Migrating to CreateComplements (20121214015649)
  [1m[35m (0.0ms)[0m  begin transaction
  [1m[36m (0.2ms)[0m  [1mCREATE TABLE "complements" ("id" INTEGER PRIMARY KEY AUTOINCREMENT NOT NULL, "project_id" integer, "name" varchar(255), "created_at" datetime NOT NULL, "updated_at" datetime NOT NULL) [0m
  [1m[35m (0.1ms)[0m  INSERT INTO "schema_migrations" ("version") VALUES ('20121214015649')
  [1m[36m (0.8ms)[0m  [1mcommit transaction[0m
  [1m[35m (0.2ms)[0m  select sqlite_version(*)
  [1m[36m (0.1ms)[0m  [1mSELECT "schema_migrations"."version" FROM "schema_migrations" [0m
  [1m[35m (0.0ms)[0m  PRAGMA index_list("complements")
  [1m[36m (0.0ms)[0m  [1mPRAGMA index_list("projects")[0m


Started GET "/assets/rails.png" for 127.0.0.1 at 2012-12-13 20:57:58 -0500
Connecting to database specified by database.yml
Served asset /rails.png - 200 OK (4ms)


Started GET "/assets/rails.png" for 127.0.0.1 at 2012-12-13 20:58:26 -0500
Served asset /rails.png - 304 Not Modified (0ms)


Started GET "/" for 127.0.0.1 at 2012-12-13 20:58:38 -0500
Processing by ProjectsController#index as HTML
  [1m[36mProject Load (0.1ms)[0m  [1mSELECT "projects".* FROM "projects" [0m
  Rendered projects/index.html.erb within layouts/application (2.2ms)
Compiled complements.css  (5ms)  (pid 1501)
Compiled projects.css  (1ms)  (pid 1501)
Compiled scaffolds.css  (9ms)  (pid 1501)
Compiled application.css  (48ms)  (pid 1501)
Compiled jquery.js  (1ms)  (pid 1501)
Compiled jquery_ujs.js  (0ms)  (pid 1501)
Compiled complements.js  (207ms)  (pid 1501)
Compiled projects.js  (100ms)  (pid 1501)
Compiled application.js  (342ms)  (pid 1501)
Completed 200 OK in 527ms (Views: 491.6ms | ActiveRecord: 1.2ms)


Started GET "/assets/complements.css?body=1" for 127.0.0.1 at 2012-12-13 20:58:39 -0500
Served asset /complements.css - 200 OK (4ms)


Started GET "/assets/projects.css?body=1" for 127.0.0.1 at 2012-12-13 20:58:39 -0500
Served asset /projects.css - 200 OK (1ms)


Started GET "/assets/scaffolds.css?body=1" for 127.0.0.1 at 2012-12-13 20:58:39 -0500
Served asset /scaffolds.css - 200 OK (1ms)


Started GET "/assets/complements.js?body=1" for 127.0.0.1 at 2012-12-13 20:58:39 -0500
Served asset /complements.js - 200 OK (1ms)


Started GET "/assets/jquery_ujs.js?body=1" for 127.0.0.1 at 2012-12-13 20:58:39 -0500
Served asset /jquery_ujs.js - 200 OK (1ms)


Started GET "/assets/projects.js?body=1" for 127.0.0.1 at 2012-12-13 20:58:39 -0500
Served asset /projects.js - 200 OK (1ms)


Started GET "/assets/application.css?body=1" for 127.0.0.1 at 2012-12-13 20:58:39 -0500
Served asset /application.css - 200 OK (3ms)


Started GET "/assets/application.js?body=1" for 127.0.0.1 at 2012-12-13 20:58:39 -0500
Served asset /application.js - 200 OK (4ms)


Started GET "/assets/jquery.js?body=1" for 127.0.0.1 at 2012-12-13 20:58:39 -0500
Served asset /jquery.js - 200 OK (1ms)


Started GET "/projects/new" for 127.0.0.1 at 2012-12-13 20:58:46 -0500
Processing by ProjectsController#new as HTML
  Rendered projects/_form.html.erb (7.8ms)
  Rendered projects/new.html.erb within layouts/application (13.7ms)
Completed 200 OK in 22ms (Views: 17.7ms | ActiveRecord: 0.0ms)


Started POST "/projects" for 127.0.0.1 at 2012-12-13 20:58:57 -0500
Processing by ProjectsController#create as HTML
  Parameters: {"utf8"=>"✓", "authenticity_token"=>"kv5F0YGiXTk4xhFXvVRo5hDY00sigIelos7zIdXX5dM=", "project"=>{"name"=>"projecto 1"}, "commit"=>"Create Project"}
  [1m[35m (0.1ms)[0m  begin transaction
  [1m[36mSQL (4.9ms)[0m  [1mINSERT INTO "projects" ("created_at", "name", "updated_at") VALUES (?, ?, ?)[0m  [["created_at", Fri, 14 Dec 2012 01:58:57 UTC +00:00], ["name", "projecto 1"], ["updated_at", Fri, 14 Dec 2012 01:58:57 UTC +00:00]]
  [1m[35m (0.7ms)[0m  commit transaction
Redirected to http://0.0.0.0:3000/projects/1
Completed 302 Found in 9ms (ActiveRecord: 5.7ms)


Started GET "/projects/1" for 127.0.0.1 at 2012-12-13 20:58:57 -0500
Processing by ProjectsController#show as HTML
  Parameters: {"id"=>"1"}
  [1m[36mProject Load (0.2ms)[0m  [1mSELECT "projects".* FROM "projects" WHERE "projects"."id" = ? LIMIT 1[0m  [["id", "1"]]
  Rendered projects/show.html.erb within layouts/application (0.9ms)
Completed 200 OK in 7ms (Views: 5.1ms | ActiveRecord: 0.2ms)


Started GET "/assets/complements.css?body=1" for 127.0.0.1 at 2012-12-13 20:58:57 -0500
Served asset /complements.css - 304 Not Modified (0ms)


Started GET "/assets/projects.css?body=1" for 127.0.0.1 at 2012-12-13 20:58:57 -0500
Served asset /projects.css - 304 Not Modified (0ms)


Started GET "/assets/complements.js?body=1" for 127.0.0.1 at 2012-12-13 20:58:57 -0500
Served asset /complements.js - 304 Not Modified (0ms)


Started GET "/assets/scaffolds.css?body=1" for 127.0.0.1 at 2012-12-13 20:58:57 -0500
Served asset /scaffolds.css - 304 Not Modified (0ms)


Started GET "/assets/projects.js?body=1" for 127.0.0.1 at 2012-12-13 20:58:57 -0500
Served asset /projects.js - 304 Not Modified (0ms)


Started GET "/projects/1" for 127.0.0.1 at 2012-12-13 21:00:53 -0500
Processing by ProjectsController#show as HTML
  Parameters: {"id"=>"1"}
  [1m[35mProject Load (0.1ms)[0m  SELECT "projects".* FROM "projects" WHERE "projects"."id" = ? LIMIT 1  [["id", "1"]]
  Rendered projects/show.html.erb within layouts/application (0.6ms)
Completed 200 OK in 10ms (Views: 5.1ms | ActiveRecord: 0.5ms)


Started GET "/assets/application.css?body=1" for 127.0.0.1 at 2012-12-13 21:00:53 -0500
Served asset /application.css - 304 Not Modified (0ms)


Started GET "/assets/projects.css?body=1" for 127.0.0.1 at 2012-12-13 21:00:53 -0500
Served asset /projects.css - 304 Not Modified (0ms)


Started GET "/assets/jquery.js?body=1" for 127.0.0.1 at 2012-12-13 21:00:53 -0500
Served asset /jquery.js - 304 Not Modified (0ms)


Started GET "/assets/scaffolds.css?body=1" for 127.0.0.1 at 2012-12-13 21:00:53 -0500
Served asset /scaffolds.css - 304 Not Modified (0ms)


Started GET "/assets/complements.css?body=1" for 127.0.0.1 at 2012-12-13 21:00:53 -0500
Served asset /complements.css - 304 Not Modified (0ms)


Started GET "/assets/jquery_ujs.js?body=1" for 127.0.0.1 at 2012-12-13 21:00:53 -0500
Served asset /jquery_ujs.js - 304 Not Modified (0ms)


Started GET "/assets/complements.js?body=1" for 127.0.0.1 at 2012-12-13 21:00:53 -0500
Served asset /complements.js - 304 Not Modified (0ms)


Started GET "/assets/application.js?body=1" for 127.0.0.1 at 2012-12-13 21:00:53 -0500
Served asset /application.js - 304 Not Modified (0ms)


Started GET "/assets/projects.js?body=1" for 127.0.0.1 at 2012-12-13 21:00:53 -0500
Served asset /projects.js - 304 Not Modified (0ms)


Started GET "/" for 127.0.0.1 at 2012-12-13 21:00:58 -0500
Processing by ProjectsController#index as HTML
  [1m[36mProject Load (0.2ms)[0m  [1mSELECT "projects".* FROM "projects" [0m
  Rendered projects/index.html.erb within layouts/application (1.9ms)
Completed 200 OK in 8ms (Views: 6.5ms | ActiveRecord: 0.2ms)


Started GET "/assets/application.css?body=1" for 127.0.0.1 at 2012-12-13 21:00:58 -0500
Served asset /application.css - 304 Not Modified (0ms)


Started GET "/assets/complements.css?body=1" for 127.0.0.1 at 2012-12-13 21:00:58 -0500
Served asset /complements.css - 304 Not Modified (0ms)


Started GET "/assets/projects.css?body=1" for 127.0.0.1 at 2012-12-13 21:00:58 -0500
Served asset /projects.css - 304 Not Modified (0ms)


Started GET "/assets/jquery.js?body=1" for 127.0.0.1 at 2012-12-13 21:00:58 -0500
Served asset /jquery.js - 304 Not Modified (0ms)


Started GET "/assets/scaffolds.css?body=1" for 127.0.0.1 at 2012-12-13 21:00:58 -0500
Served asset /scaffolds.css - 304 Not Modified (0ms)


Started GET "/assets/jquery_ujs.js?body=1" for 127.0.0.1 at 2012-12-13 21:00:58 -0500
Served asset /jquery_ujs.js - 304 Not Modified (0ms)


Started GET "/assets/complements.js?body=1" for 127.0.0.1 at 2012-12-13 21:00:58 -0500
Served asset /complements.js - 304 Not Modified (0ms)


Started GET "/assets/projects.js?body=1" for 127.0.0.1 at 2012-12-13 21:00:58 -0500
Served asset /projects.js - 304 Not Modified (0ms)


Started GET "/assets/application.js?body=1" for 127.0.0.1 at 2012-12-13 21:00:58 -0500
Served asset /application.js - 304 Not Modified (0ms)


Started GET "/projects/new" for 127.0.0.1 at 2012-12-13 21:01:03 -0500
Processing by ProjectsController#new as HTML
  Rendered projects/_form.html.erb (1.4ms)
  Rendered projects/new.html.erb within layouts/application (2.1ms)
Completed 200 OK in 7ms (Views: 6.4ms | ActiveRecord: 0.0ms)


Started GET "/assets/application.css?body=1" for 127.0.0.1 at 2012-12-13 21:01:03 -0500
Served asset /application.css - 304 Not Modified (0ms)


Started GET "/assets/scaffolds.css?body=1" for 127.0.0.1 at 2012-12-13 21:01:03 -0500
Served asset /scaffolds.css - 304 Not Modified (0ms)


Started GET "/assets/complements.css?body=1" for 127.0.0.1 at 2012-12-13 21:01:03 -0500
Served asset /complements.css - 304 Not Modified (0ms)


Started GET "/assets/jquery.js?body=1" for 127.0.0.1 at 2012-12-13 21:01:03 -0500
Served asset /jquery.js - 304 Not Modified (0ms)


Started GET "/assets/projects.css?body=1" for 127.0.0.1 at 2012-12-13 21:01:03 -0500
Served asset /projects.css - 304 Not Modified (0ms)


Started GET "/assets/jquery_ujs.js?body=1" for 127.0.0.1 at 2012-12-13 21:01:03 -0500
Served asset /jquery_ujs.js - 304 Not Modified (0ms)


Started GET "/assets/complements.js?body=1" for 127.0.0.1 at 2012-12-13 21:01:03 -0500
Served asset /complements.js - 304 Not Modified (0ms)


Started GET "/assets/projects.js?body=1" for 127.0.0.1 at 2012-12-13 21:01:03 -0500
Served asset /projects.js - 304 Not Modified (0ms)


Started GET "/assets/application.js?body=1" for 127.0.0.1 at 2012-12-13 21:01:03 -0500
Served asset /application.js - 304 Not Modified (0ms)


Started GET "/projects/new" for 127.0.0.1 at 2012-12-13 21:05:33 -0500
Processing by ProjectsController#new as HTML
Completed 500 Internal Server Error in 22ms

NoMethodError (undefined method `belogs_to' for #<Class:0x007faf9597e1a8>):
  app/models/complement.rb:3:in `<class:Complement>'
  app/models/complement.rb:1:in `<top (required)>'
  app/controllers/projects_controller.rb:28:in `new'


  Rendered /Users/videmor/.rvm/gems/ruby-1.9.3-p194/gems/actionpack-3.2.8/lib/action_dispatch/middleware/templates/rescues/_trace.erb (1.3ms)
  Rendered /Users/videmor/.rvm/gems/ruby-1.9.3-p194/gems/actionpack-3.2.8/lib/action_dispatch/middleware/templates/rescues/_request_and_response.erb (1.0ms)
  Rendered /Users/videmor/.rvm/gems/ruby-1.9.3-p194/gems/actionpack-3.2.8/lib/action_dispatch/middleware/templates/rescues/diagnostics.erb within rescues/layout (9.3ms)


Started GET "/projects/new" for 127.0.0.1 at 2012-12-13 21:05:48 -0500
Processing by ProjectsController#new as HTML
ERROR: compiling _app_views_projects__form_html_erb__3387594927105969574_70196032559980 RAISED /Users/videmor/Development/Videmor/rails/practicando/demo-rails-nested-form/app/views/projects/_form.html.erb:20: syntax error, unexpected keyword_end
...');@output_buffer.append= ( end );@output_buffer.safe_concat...
...                               ^
/Users/videmor/Development/Videmor/rails/practicando/demo-rails-nested-form/app/views/projects/_form.html.erb:25: syntax error, unexpected keyword_end, expecting ')'
'); end 
       ^
/Users/videmor/Development/Videmor/rails/practicando/demo-rails-nested-form/app/views/projects/_form.html.erb:27: syntax error, unexpected keyword_ensure, expecting ')'
/Users/videmor/Development/Videmor/rails/practicando/demo-rails-nested-form/app/views/projects/_form.html.erb:29: syntax error, unexpected keyword_end, expecting ')'
Function body:           def _app_views_projects__form_html_erb__3387594927105969574_70196032559980(local_assigns, output_buffer)
            _old_virtual_path, @virtual_path = @virtual_path, "projects/_form";_old_output_buffer = @output_buffer;form = local_assigns[:form];;@output_buffer = output_buffer || ActionView::OutputBuffer.new;@output_buffer.append=  form_for(@project) do |f| @output_buffer.safe_concat('
');   if @project.errors.any? 
@output_buffer.safe_concat('    <div id="error_explanation">
      <h2>');@output_buffer.append= ( pluralize(@project.errors.count, "error") );@output_buffer.safe_concat(' prohibited this project from being saved:</h2>

      <ul>
');       @project.errors.full_messages.each do |msg| 
@output_buffer.safe_concat('        <li>');@output_buffer.append= ( msg );@output_buffer.safe_concat('</li>
');       end 
@output_buffer.safe_concat('      </ul>
    </div>
');   end 
@output_buffer.safe_concat('
  <div class="field">
    ');@output_buffer.append= ( f.label :name );@output_buffer.safe_concat('<br />
    ');@output_buffer.append= ( f.text_field :name );@output_buffer.safe_concat('
');@output_buffer.safe_concat('    ');@output_buffer.append=  f.fields_for :complements do |b| @output_buffer.safe_concat('
');@output_buffer.safe_concat('      ');@output_buffer.append= ( b.label :name );@output_buffer.safe_concat('<br />
      ');@output_buffer.append= ( b.text_field :name );@output_buffer.safe_concat('
');@output_buffer.safe_concat('    ');@output_buffer.append= ( end );@output_buffer.safe_concat('
');@output_buffer.safe_concat('  </div>
  <div class="actions">
    ');@output_buffer.append= ( f.submit );@output_buffer.safe_concat('
');@output_buffer.safe_concat('  </div>
'); end 
@output_buffer.to_s
          ensure
            @virtual_path, @output_buffer = _old_virtual_path, _old_output_buffer
          end

Backtrace: /Users/videmor/.rvm/gems/ruby-1.9.3-p194/gems/actionpack-3.2.8/lib/action_view/template.rb:297:in `module_eval'
/Users/videmor/.rvm/gems/ruby-1.9.3-p194/gems/actionpack-3.2.8/lib/action_view/template.rb:297:in `compile'
/Users/videmor/.rvm/gems/ruby-1.9.3-p194/gems/actionpack-3.2.8/lib/action_view/template.rb:244:in `block in compile!'
<internal:prelude>:10:in `synchronize'
/Users/videmor/.rvm/gems/ruby-1.9.3-p194/gems/actionpack-3.2.8/lib/action_view/template.rb:232:in `compile!'
/Users/videmor/.rvm/gems/ruby-1.9.3-p194/gems/actionpack-3.2.8/lib/action_view/template.rb:144:in `block in render'
/Users/videmor/.rvm/gems/ruby-1.9.3-p194/gems/activesupport-3.2.8/lib/active_support/notifications.rb:125:in `instrument'
/Users/videmor/.rvm/gems/ruby-1.9.3-p194/gems/actionpack-3.2.8/lib/action_view/template.rb:143:in `render'
/Users/videmor/.rvm/gems/ruby-1.9.3-p194/gems/actionpack-3.2.8/lib/action_view/renderer/partial_renderer.rb:265:in `render_partial'
/Users/videmor/.rvm/gems/ruby-1.9.3-p194/gems/actionpack-3.2.8/lib/action_view/renderer/partial_renderer.rb:238:in `block in render'
/Users/videmor/.rvm/gems/ruby-1.9.3-p194/gems/actionpack-3.2.8/lib/action_view/renderer/abstract_renderer.rb:38:in `block in instrument'
/Users/videmor/.rvm/gems/ruby-1.9.3-p194/gems/activesupport-3.2.8/lib/active_support/notifications.rb:123:in `block in instrument'
/Users/videmor/.rvm/gems/ruby-1.9.3-p194/gems/activesupport-3.2.8/lib/active_support/notifications/instrumenter.rb:20:in `instrument'
/Users/videmor/.rvm/gems/ruby-1.9.3-p194/gems/activesupport-3.2.8/lib/active_support/notifications.rb:123:in `instrument'
/Users/videmor/.rvm/gems/ruby-1.9.3-p194/gems/actionpack-3.2.8/lib/action_view/renderer/abstract_renderer.rb:38:in `instrument'
/Users/videmor/.rvm/gems/ruby-1.9.3-p194/gems/actionpack-3.2.8/lib/action_view/renderer/partial_renderer.rb:237:in `render'
/Users/videmor/.rvm/gems/ruby-1.9.3-p194/gems/actionpack-3.2.8/lib/action_view/renderer/renderer.rb:41:in `render_partial'
/Users/videmor/.rvm/gems/ruby-1.9.3-p194/gems/actionpack-3.2.8/lib/action_view/helpers/rendering_helper.rb:27:in `render'
/Users/videmor/Development/Videmor/rails/practicando/demo-rails-nested-form/app/views/projects/new.html.erb:3:in `_app_views_projects_new_html_erb__4200487133498949923_70196028015980'
/Users/videmor/.rvm/gems/ruby-1.9.3-p194/gems/actionpack-3.2.8/lib/action_view/template.rb:145:in `block in render'
/Users/videmor/.rvm/gems/ruby-1.9.3-p194/gems/activesupport-3.2.8/lib/active_support/notifications.rb:125:in `instrument'
/Users/videmor/.rvm/gems/ruby-1.9.3-p194/gems/actionpack-3.2.8/lib/action_view/template.rb:143:in `render'
/Users/videmor/.rvm/gems/ruby-1.9.3-p194/gems/actionpack-3.2.8/lib/action_view/renderer/template_renderer.rb:47:in `block (2 levels) in render_template'
/Users/videmor/.rvm/gems/ruby-1.9.3-p194/gems/actionpack-3.2.8/lib/action_view/renderer/abstract_renderer.rb:38:in `block in instrument'
/Users/videmor/.rvm/gems/ruby-1.9.3-p194/gems/activesupport-3.2.8/lib/active_support/notifications.rb:123:in `block in instrument'
/Users/videmor/.rvm/gems/ruby-1.9.3-p194/gems/activesupport-3.2.8/lib/active_support/notifications/instrumenter.rb:20:in `instrument'
/Users/videmor/.rvm/gems/ruby-1.9.3-p194/gems/activesupport-3.2.8/lib/active_support/notifications.rb:123:in `instrument'
/Users/videmor/.rvm/gems/ruby-1.9.3-p194/gems/actionpack-3.2.8/lib/action_view/renderer/abstract_renderer.rb:38:in `instrument'
/Users/videmor/.rvm/gems/ruby-1.9.3-p194/gems/actionpack-3.2.8/lib/action_view/renderer/template_renderer.rb:46:in `block in render_template'
/Users/videmor/.rvm/gems/ruby-1.9.3-p194/gems/actionpack-3.2.8/lib/action_view/renderer/template_renderer.rb:54:in `render_with_layout'
/Users/videmor/.rvm/gems/ruby-1.9.3-p194/gems/actionpack-3.2.8/lib/action_view/renderer/template_renderer.rb:45:in `render_template'
/Users/videmor/.rvm/gems/ruby-1.9.3-p194/gems/actionpack-3.2.8/lib/action_view/renderer/template_renderer.rb:18:in `render'
/Users/videmor/.rvm/gems/ruby-1.9.3-p194/gems/actionpack-3.2.8/lib/action_view/renderer/renderer.rb:36:in `render_template'
/Users/videmor/.rvm/gems/ruby-1.9.3-p194/gems/actionpack-3.2.8/lib/action_view/renderer/renderer.rb:17:in `render'
/Users/videmor/.rvm/gems/ruby-1.9.3-p194/gems/actionpack-3.2.8/lib/abstract_controller/rendering.rb:110:in `_render_template'
/Users/videmor/.rvm/gems/ruby-1.9.3-p194/gems/actionpack-3.2.8/lib/action_controller/metal/streaming.rb:225:in `_render_template'
/Users/videmor/.rvm/gems/ruby-1.9.3-p194/gems/actionpack-3.2.8/lib/abstract_controller/rendering.rb:103:in `render_to_body'
/Users/videmor/.rvm/gems/ruby-1.9.3-p194/gems/actionpack-3.2.8/lib/action_controller/metal/renderers.rb:28:in `render_to_body'
/Users/videmor/.rvm/gems/ruby-1.9.3-p194/gems/actionpack-3.2.8/lib/action_controller/metal/compatibility.rb:50:in `render_to_body'
/Users/videmor/.rvm/gems/ruby-1.9.3-p194/gems/actionpack-3.2.8/lib/abstract_controller/rendering.rb:88:in `render'
/Users/videmor/.rvm/gems/ruby-1.9.3-p194/gems/actionpack-3.2.8/lib/action_controller/metal/rendering.rb:16:in `render'
/Users/videmor/.rvm/gems/ruby-1.9.3-p194/gems/actionpack-3.2.8/lib/action_controller/metal/instrumentation.rb:40:in `block (2 levels) in render'
/Users/videmor/.rvm/gems/ruby-1.9.3-p194/gems/activesupport-3.2.8/lib/active_support/core_ext/benchmark.rb:5:in `block in ms'
/Users/videmor/.rvm/rubies/ruby-1.9.3-p194/lib/ruby/1.9.1/benchmark.rb:295:in `realtime'
/Users/videmor/.rvm/gems/ruby-1.9.3-p194/gems/activesupport-3.2.8/lib/active_support/core_ext/benchmark.rb:5:in `ms'
/Users/videmor/.rvm/gems/ruby-1.9.3-p194/gems/actionpack-3.2.8/lib/action_controller/metal/instrumentation.rb:40:in `block in render'
/Users/videmor/.rvm/gems/ruby-1.9.3-p194/gems/actionpack-3.2.8/lib/action_controller/metal/instrumentation.rb:83:in `cleanup_view_runtime'
/Users/videmor/.rvm/gems/ruby-1.9.3-p194/gems/activerecord-3.2.8/lib/active_record/railties/controller_runtime.rb:24:in `cleanup_view_runtime'
/Users/videmor/.rvm/gems/ruby-1.9.3-p194/gems/actionpack-3.2.8/lib/action_controller/metal/instrumentation.rb:39:in `render'
/Users/videmor/.rvm/gems/ruby-1.9.3-p194/gems/actionpack-3.2.8/lib/action_controller/metal/implicit_render.rb:10:in `default_render'
/Users/videmor/.rvm/gems/ruby-1.9.3-p194/gems/actionpack-3.2.8/lib/action_controller/metal/mime_responds.rb:196:in `respond_to'
/Users/videmor/Development/Videmor/rails/practicando/demo-rails-nested-form/app/controllers/projects_controller.rb:29:in `new'
/Users/videmor/.rvm/gems/ruby-1.9.3-p194/gems/actionpack-3.2.8/lib/action_controller/metal/implicit_render.rb:4:in `send_action'
/Users/videmor/.rvm/gems/ruby-1.9.3-p194/gems/actionpack-3.2.8/lib/abstract_controller/base.rb:167:in `process_action'
/Users/videmor/.rvm/gems/ruby-1.9.3-p194/gems/actionpack-3.2.8/lib/action_controller/metal/rendering.rb:10:in `process_action'
/Users/videmor/.rvm/gems/ruby-1.9.3-p194/gems/actionpack-3.2.8/lib/abstract_controller/callbacks.rb:18:in `block in process_action'
/Users/videmor/.rvm/gems/ruby-1.9.3-p194/gems/activesupport-3.2.8/lib/active_support/callbacks.rb:414:in `_run__1879949254428794246__process_action__2752336751110826563__callbacks'
/Users/videmor/.rvm/gems/ruby-1.9.3-p194/gems/activesupport-3.2.8/lib/active_support/callbacks.rb:405:in `__run_callback'
/Users/videmor/.rvm/gems/ruby-1.9.3-p194/gems/activesupport-3.2.8/lib/active_support/callbacks.rb:385:in `_run_process_action_callbacks'
/Users/videmor/.rvm/gems/ruby-1.9.3-p194/gems/activesupport-3.2.8/lib/active_support/callbacks.rb:81:in `run_callbacks'
/Users/videmor/.rvm/gems/ruby-1.9.3-p194/gems/actionpack-3.2.8/lib/abstract_controller/callbacks.rb:17:in `process_action'
/Users/videmor/.rvm/gems/ruby-1.9.3-p194/gems/actionpack-3.2.8/lib/action_controller/metal/rescue.rb:29:in `process_action'
/Users/videmor/.rvm/gems/ruby-1.9.3-p194/gems/actionpack-3.2.8/lib/action_controller/metal/instrumentation.rb:30:in `block in process_action'
/Users/videmor/.rvm/gems/ruby-1.9.3-p194/gems/activesupport-3.2.8/lib/active_support/notifications.rb:123:in `block in instrument'
/Users/videmor/.rvm/gems/ruby-1.9.3-p194/gems/activesupport-3.2.8/lib/active_support/notifications/instrumenter.rb:20:in `instrument'
/Users/videmor/.rvm/gems/ruby-1.9.3-p194/gems/activesupport-3.2.8/lib/active_support/notifications.rb:123:in `instrument'
/Users/videmor/.rvm/gems/ruby-1.9.3-p194/gems/actionpack-3.2.8/lib/action_controller/metal/instrumentation.rb:29:in `process_action'
/Users/videmor/.rvm/gems/ruby-1.9.3-p194/gems/actionpack-3.2.8/lib/action_controller/metal/params_wrapper.rb:207:in `process_action'
/Users/videmor/.rvm/gems/ruby-1.9.3-p194/gems/activerecord-3.2.8/lib/active_record/railties/controller_runtime.rb:18:in `process_action'
/Users/videmor/.rvm/gems/ruby-1.9.3-p194/gems/actionpack-3.2.8/lib/abstract_controller/base.rb:121:in `process'
/Users/videmor/.rvm/gems/ruby-1.9.3-p194/gems/actionpack-3.2.8/lib/abstract_controller/rendering.rb:45:in `process'
/Users/videmor/.rvm/gems/ruby-1.9.3-p194/gems/actionpack-3.2.8/lib/action_controller/metal.rb:203:in `dispatch'
/Users/videmor/.rvm/gems/ruby-1.9.3-p194/gems/actionpack-3.2.8/lib/action_controller/metal/rack_delegation.rb:14:in `dispatch'
/Users/videmor/.rvm/gems/ruby-1.9.3-p194/gems/actionpack-3.2.8/lib/action_controller/metal.rb:246:in `block in action'
/Users/videmor/.rvm/gems/ruby-1.9.3-p194/gems/actionpack-3.2.8/lib/action_dispatch/routing/route_set.rb:73:in `call'
/Users/videmor/.rvm/gems/ruby-1.9.3-p194/gems/actionpack-3.2.8/lib/action_dispatch/routing/route_set.rb:73:in `dispatch'
/Users/videmor/.rvm/gems/ruby-1.9.3-p194/gems/actionpack-3.2.8/lib/action_dispatch/routing/route_set.rb:36:in `call'
/Users/videmor/.rvm/gems/ruby-1.9.3-p194/gems/journey-1.0.4/lib/journey/router.rb:68:in `block in call'
/Users/videmor/.rvm/gems/ruby-1.9.3-p194/gems/journey-1.0.4/lib/journey/router.rb:56:in `each'
/Users/videmor/.rvm/gems/ruby-1.9.3-p194/gems/journey-1.0.4/lib/journey/router.rb:56:in `call'
/Users/videmor/.rvm/gems/ruby-1.9.3-p194/gems/actionpack-3.2.8/lib/action_dispatch/routing/route_set.rb:600:in `call'
/Users/videmor/.rvm/gems/ruby-1.9.3-p194/gems/actionpack-3.2.8/lib/action_dispatch/middleware/best_standards_support.rb:17:in `call'
/Users/videmor/.rvm/gems/ruby-1.9.3-p194/gems/rack-1.4.1/lib/rack/etag.rb:23:in `call'
/Users/videmor/.rvm/gems/ruby-1.9.3-p194/gems/rack-1.4.1/lib/rack/conditionalget.rb:25:in `call'
/Users/videmor/.rvm/gems/ruby-1.9.3-p194/gems/actionpack-3.2.8/lib/action_dispatch/middleware/head.rb:14:in `call'
/Users/videmor/.rvm/gems/ruby-1.9.3-p194/gems/actionpack-3.2.8/lib/action_dispatch/middleware/params_parser.rb:21:in `call'
/Users/videmor/.rvm/gems/ruby-1.9.3-p194/gems/actionpack-3.2.8/lib/action_dispatch/middleware/flash.rb:242:in `call'
/Users/videmor/.rvm/gems/ruby-1.9.3-p194/gems/rack-1.4.1/lib/rack/session/abstract/id.rb:205:in `context'
/Users/videmor/.rvm/gems/ruby-1.9.3-p194/gems/rack-1.4.1/lib/rack/session/abstract/id.rb:200:in `call'
/Users/videmor/.rvm/gems/ruby-1.9.3-p194/gems/actionpack-3.2.8/lib/action_dispatch/middleware/cookies.rb:339:in `call'
/Users/videmor/.rvm/gems/ruby-1.9.3-p194/gems/activerecord-3.2.8/lib/active_record/query_cache.rb:64:in `call'
/Users/videmor/.rvm/gems/ruby-1.9.3-p194/gems/activerecord-3.2.8/lib/active_record/connection_adapters/abstract/connection_pool.rb:473:in `call'
/Users/videmor/.rvm/gems/ruby-1.9.3-p194/gems/actionpack-3.2.8/lib/action_dispatch/middleware/callbacks.rb:28:in `block in call'
/Users/videmor/.rvm/gems/ruby-1.9.3-p194/gems/activesupport-3.2.8/lib/active_support/callbacks.rb:405:in `_run__3455108400376003072__call__2607600995224073813__callbacks'
/Users/videmor/.rvm/gems/ruby-1.9.3-p194/gems/activesupport-3.2.8/lib/active_support/callbacks.rb:405:in `__run_callback'
/Users/videmor/.rvm/gems/ruby-1.9.3-p194/gems/activesupport-3.2.8/lib/active_support/callbacks.rb:385:in `_run_call_callbacks'
/Users/videmor/.rvm/gems/ruby-1.9.3-p194/gems/activesupport-3.2.8/lib/active_support/callbacks.rb:81:in `run_callbacks'
/Users/videmor/.rvm/gems/ruby-1.9.3-p194/gems/actionpack-3.2.8/lib/action_dispatch/middleware/callbacks.rb:27:in `call'
/Users/videmor/.rvm/gems/ruby-1.9.3-p194/gems/actionpack-3.2.8/lib/action_dispatch/middleware/reloader.rb:65:in `call'
/Users/videmor/.rvm/gems/ruby-1.9.3-p194/gems/actionpack-3.2.8/lib/action_dispatch/middleware/remote_ip.rb:31:in `call'
/Users/videmor/.rvm/gems/ruby-1.9.3-p194/gems/actionpack-3.2.8/lib/action_dispatch/middleware/debug_exceptions.rb:16:in `call'
/Users/videmor/.rvm/gems/ruby-1.9.3-p194/gems/actionpack-3.2.8/lib/action_dispatch/middleware/show_exceptions.rb:56:in `call'
/Users/videmor/.rvm/gems/ruby-1.9.3-p194/gems/railties-3.2.8/lib/rails/rack/logger.rb:26:in `call_app'
/Users/videmor/.rvm/gems/ruby-1.9.3-p194/gems/railties-3.2.8/lib/rails/rack/logger.rb:16:in `call'
/Users/videmor/.rvm/gems/ruby-1.9.3-p194/gems/actionpack-3.2.8/lib/action_dispatch/middleware/request_id.rb:22:in `call'
/Users/videmor/.rvm/gems/ruby-1.9.3-p194/gems/rack-1.4.1/lib/rack/methodoverride.rb:21:in `call'
/Users/videmor/.rvm/gems/ruby-1.9.3-p194/gems/rack-1.4.1/lib/rack/runtime.rb:17:in `call'
/Users/videmor/.rvm/gems/ruby-1.9.3-p194/gems/activesupport-3.2.8/lib/active_support/cache/strategy/local_cache.rb:72:in `call'
/Users/videmor/.rvm/gems/ruby-1.9.3-p194/gems/rack-1.4.1/lib/rack/lock.rb:15:in `call'
/Users/videmor/.rvm/gems/ruby-1.9.3-p194/gems/actionpack-3.2.8/lib/action_dispatch/middleware/static.rb:62:in `call'
/Users/videmor/.rvm/gems/ruby-1.9.3-p194/gems/railties-3.2.8/lib/rails/engine.rb:479:in `call'
/Users/videmor/.rvm/gems/ruby-1.9.3-p194/gems/railties-3.2.8/lib/rails/application.rb:223:in `call'
/Users/videmor/.rvm/gems/ruby-1.9.3-p194/gems/rack-1.4.1/lib/rack/content_length.rb:14:in `call'
/Users/videmor/.rvm/gems/ruby-1.9.3-p194/gems/railties-3.2.8/lib/rails/rack/log_tailer.rb:17:in `call'
/Users/videmor/.rvm/gems/ruby-1.9.3-p194/gems/rack-1.4.1/lib/rack/handler/webrick.rb:59:in `service'
/Users/videmor/.rvm/rubies/ruby-1.9.3-p194/lib/ruby/1.9.1/webrick/httpserver.rb:138:in `service'
/Users/videmor/.rvm/rubies/ruby-1.9.3-p194/lib/ruby/1.9.1/webrick/httpserver.rb:94:in `run'
/Users/videmor/.rvm/rubies/ruby-1.9.3-p194/lib/ruby/1.9.1/webrick/server.rb:191:in `block in start_thread'
  Rendered projects/_form.html.erb (4.2ms)
  Rendered projects/new.html.erb within layouts/application (4.8ms)
Completed 500 Internal Server Error in 27ms

ActionView::Template::Error (/Users/videmor/Development/Videmor/rails/practicando/demo-rails-nested-form/app/views/projects/_form.html.erb:20: syntax error, unexpected keyword_end
...');@output_buffer.append= ( end );@output_buffer.safe_concat...
...                               ^
/Users/videmor/Development/Videmor/rails/practicando/demo-rails-nested-form/app/views/projects/_form.html.erb:25: syntax error, unexpected keyword_end, expecting ')'
'); end 
       ^
/Users/videmor/Development/Videmor/rails/practicando/demo-rails-nested-form/app/views/projects/_form.html.erb:27: syntax error, unexpected keyword_ensure, expecting ')'
/Users/videmor/Development/Videmor/rails/practicando/demo-rails-nested-form/app/views/projects/_form.html.erb:29: syntax error, unexpected keyword_end, expecting ')'):
    17:     <%= f.fields_for :complements do |b| %>
    18:       <%= b.label :name %><br />
    19:       <%= b.text_field :name %>
    20:     <%= end %>
    21:   </div>
    22:   <div class="actions">
    23:     <%= f.submit %>
  app/views/projects/new.html.erb:3:in `_app_views_projects_new_html_erb__4200487133498949923_70196028015980'
  app/controllers/projects_controller.rb:29:in `new'


  Rendered /Users/videmor/.rvm/gems/ruby-1.9.3-p194/gems/actionpack-3.2.8/lib/action_dispatch/middleware/templates/rescues/_trace.erb (1.0ms)
  Rendered /Users/videmor/.rvm/gems/ruby-1.9.3-p194/gems/actionpack-3.2.8/lib/action_dispatch/middleware/templates/rescues/_request_and_response.erb (0.6ms)
  Rendered /Users/videmor/.rvm/gems/ruby-1.9.3-p194/gems/actionpack-3.2.8/lib/action_dispatch/middleware/templates/rescues/template_error.erb within rescues/layout (6.1ms)


Started GET "/projects/new" for 127.0.0.1 at 2012-12-13 21:06:37 -0500
Processing by ProjectsController#new as HTML
  Rendered projects/_form.html.erb (3.9ms)
  Rendered projects/new.html.erb within layouts/application (4.6ms)
Completed 200 OK in 10ms (Views: 9.0ms | ActiveRecord: 0.0ms)


Started GET "/assets/application.css?body=1" for 127.0.0.1 at 2012-12-13 21:06:37 -0500
Served asset /application.css - 304 Not Modified (0ms)


Started GET "/assets/scaffolds.css?body=1" for 127.0.0.1 at 2012-12-13 21:06:37 -0500
Served asset /scaffolds.css - 304 Not Modified (0ms)


Started GET "/assets/jquery.js?body=1" for 127.0.0.1 at 2012-12-13 21:06:37 -0500
Served asset /jquery.js - 304 Not Modified (0ms)


Started GET "/assets/jquery_ujs.js?body=1" for 127.0.0.1 at 2012-12-13 21:06:37 -0500
Served asset /jquery_ujs.js - 304 Not Modified (0ms)


Started GET "/assets/projects.css?body=1" for 127.0.0.1 at 2012-12-13 21:06:37 -0500
Served asset /projects.css - 304 Not Modified (0ms)


Started GET "/assets/complements.css?body=1" for 127.0.0.1 at 2012-12-13 21:06:37 -0500
Served asset /complements.css - 304 Not Modified (0ms)


Started GET "/assets/complements.js?body=1" for 127.0.0.1 at 2012-12-13 21:06:37 -0500
Served asset /complements.js - 304 Not Modified (0ms)


Started GET "/assets/projects.js?body=1" for 127.0.0.1 at 2012-12-13 21:06:37 -0500
Served asset /projects.js - 304 Not Modified (0ms)


Started GET "/assets/application.js?body=1" for 127.0.0.1 at 2012-12-13 21:06:37 -0500
Served asset /application.js - 304 Not Modified (0ms)


Started GET "/projects/new" for 127.0.0.1 at 2012-12-13 21:07:00 -0500
Processing by ProjectsController#new as HTML
  Rendered projects/_form.html.erb (3.0ms)
  Rendered projects/new.html.erb within layouts/application (3.8ms)
Completed 200 OK in 9ms (Views: 8.6ms | ActiveRecord: 0.0ms)


Started GET "/assets/application.css?body=1" for 127.0.0.1 at 2012-12-13 21:07:00 -0500
Served asset /application.css - 304 Not Modified (0ms)


Started GET "/assets/jquery.js?body=1" for 127.0.0.1 at 2012-12-13 21:07:00 -0500
Served asset /jquery.js - 304 Not Modified (0ms)


Started GET "/assets/complements.css?body=1" for 127.0.0.1 at 2012-12-13 21:07:00 -0500
Served asset /complements.css - 304 Not Modified (0ms)


Started GET "/assets/scaffolds.css?body=1" for 127.0.0.1 at 2012-12-13 21:07:00 -0500
Served asset /scaffolds.css - 304 Not Modified (0ms)


Started GET "/assets/projects.css?body=1" for 127.0.0.1 at 2012-12-13 21:07:00 -0500
Served asset /projects.css - 304 Not Modified (0ms)


Started GET "/assets/jquery_ujs.js?body=1" for 127.0.0.1 at 2012-12-13 21:07:00 -0500
Served asset /jquery_ujs.js - 304 Not Modified (0ms)


Started GET "/assets/complements.js?body=1" for 127.0.0.1 at 2012-12-13 21:07:00 -0500
Served asset /complements.js - 304 Not Modified (0ms)


Started GET "/assets/projects.js?body=1" for 127.0.0.1 at 2012-12-13 21:07:00 -0500
Served asset /projects.js - 304 Not Modified (0ms)


Started GET "/assets/application.js?body=1" for 127.0.0.1 at 2012-12-13 21:07:00 -0500
Served asset /application.js - 304 Not Modified (0ms)


Started GET "/projects/new" for 127.0.0.1 at 2012-12-13 21:07:24 -0500
Processing by ProjectsController#new as HTML
  Rendered projects/_form.html.erb (3.3ms)
  Rendered projects/new.html.erb within layouts/application (4.0ms)
Completed 200 OK in 9ms (Views: 8.5ms | ActiveRecord: 0.0ms)


Started GET "/assets/application.css?body=1" for 127.0.0.1 at 2012-12-13 21:07:24 -0500
Served asset /application.css - 304 Not Modified (0ms)


Started GET "/assets/projects.css?body=1" for 127.0.0.1 at 2012-12-13 21:07:24 -0500
Served asset /projects.css - 304 Not Modified (0ms)


Started GET "/assets/complements.css?body=1" for 127.0.0.1 at 2012-12-13 21:07:24 -0500
Served asset /complements.css - 304 Not Modified (0ms)


Started GET "/assets/jquery_ujs.js?body=1" for 127.0.0.1 at 2012-12-13 21:07:24 -0500
Served asset /jquery_ujs.js - 304 Not Modified (0ms)


Started GET "/assets/jquery.js?body=1" for 127.0.0.1 at 2012-12-13 21:07:24 -0500
Served asset /jquery.js - 304 Not Modified (0ms)


Started GET "/assets/scaffolds.css?body=1" for 127.0.0.1 at 2012-12-13 21:07:24 -0500
Served asset /scaffolds.css - 304 Not Modified (0ms)


Started GET "/assets/complements.js?body=1" for 127.0.0.1 at 2012-12-13 21:07:24 -0500
Served asset /complements.js - 304 Not Modified (0ms)


Started GET "/assets/application.js?body=1" for 127.0.0.1 at 2012-12-13 21:07:24 -0500
Served asset /application.js - 304 Not Modified (0ms)


Started GET "/assets/projects.js?body=1" for 127.0.0.1 at 2012-12-13 21:07:24 -0500
Served asset /projects.js - 304 Not Modified (0ms)
Connecting to database specified by database.yml


Started POST "/projects" for 127.0.0.1 at 2012-12-13 21:08:48 -0500
Processing by ProjectsController#create as HTML
  Parameters: {"utf8"=>"✓", "authenticity_token"=>"kv5F0YGiXTk4xhFXvVRo5hDY00sigIelos7zIdXX5dM=", "project"=>{"name"=>"segundo", "complements_attributes"=>{"0"=>{"name"=>"ocm1"}}}, "commit"=>"Create Project"}
Completed 500 Internal Server Error in 1ms

ActiveModel::MassAssignmentSecurity::Error (Can't mass-assign protected attributes: complements_attributes):
  app/controllers/projects_controller.rb:43:in `new'
  app/controllers/projects_controller.rb:43:in `create'


  Rendered /Users/videmor/.rvm/gems/ruby-1.9.3-p194/gems/actionpack-3.2.8/lib/action_dispatch/middleware/templates/rescues/_trace.erb (0.9ms)
  Rendered /Users/videmor/.rvm/gems/ruby-1.9.3-p194/gems/actionpack-3.2.8/lib/action_dispatch/middleware/templates/rescues/_request_and_response.erb (0.8ms)
  Rendered /Users/videmor/.rvm/gems/ruby-1.9.3-p194/gems/actionpack-3.2.8/lib/action_dispatch/middleware/templates/rescues/diagnostics.erb within rescues/layout (6.1ms)


Started GET "/projects/new" for 127.0.0.1 at 2012-12-13 21:09:18 -0500
Processing by ProjectsController#new as HTML
  Rendered projects/_form.html.erb (2.8ms)
  Rendered projects/new.html.erb within layouts/application (3.5ms)
Completed 200 OK in 18ms (Views: 7.5ms | ActiveRecord: 0.5ms)


Started GET "/assets/application.css?body=1" for 127.0.0.1 at 2012-12-13 21:09:18 -0500
Served asset /application.css - 304 Not Modified (0ms)


Started GET "/assets/complements.css?body=1" for 127.0.0.1 at 2012-12-13 21:09:18 -0500
Served asset /complements.css - 304 Not Modified (0ms)


Started GET "/assets/projects.css?body=1" for 127.0.0.1 at 2012-12-13 21:09:18 -0500
Served asset /projects.css - 304 Not Modified (0ms)


Started GET "/assets/scaffolds.css?body=1" for 127.0.0.1 at 2012-12-13 21:09:18 -0500
Served asset /scaffolds.css - 304 Not Modified (0ms)


Started GET "/assets/jquery_ujs.js?body=1" for 127.0.0.1 at 2012-12-13 21:09:18 -0500
Served asset /jquery_ujs.js - 304 Not Modified (0ms)


Started GET "/assets/jquery.js?body=1" for 127.0.0.1 at 2012-12-13 21:09:18 -0500
Served asset /jquery.js - 304 Not Modified (0ms)


Started GET "/assets/complements.js?body=1" for 127.0.0.1 at 2012-12-13 21:09:18 -0500
Served asset /complements.js - 304 Not Modified (0ms)


Started GET "/assets/projects.js?body=1" for 127.0.0.1 at 2012-12-13 21:09:18 -0500
Served asset /projects.js - 304 Not Modified (0ms)


Started GET "/assets/application.js?body=1" for 127.0.0.1 at 2012-12-13 21:09:18 -0500
Served asset /application.js - 304 Not Modified (0ms)


Started POST "/projects" for 127.0.0.1 at 2012-12-13 21:09:47 -0500
Processing by ProjectsController#create as HTML
  Parameters: {"utf8"=>"✓", "authenticity_token"=>"kv5F0YGiXTk4xhFXvVRo5hDY00sigIelos7zIdXX5dM=", "project"=>{"name"=>"projecto 2", "complements_attributes"=>{"0"=>{"name"=>"com1"}}}, "commit"=>"Create Project"}
  [1m[35m (0.1ms)[0m  begin transaction
  [1m[36mSQL (0.5ms)[0m  [1mINSERT INTO "projects" ("created_at", "name", "updated_at") VALUES (?, ?, ?)[0m  [["created_at", Fri, 14 Dec 2012 02:09:47 UTC +00:00], ["name", "projecto 2"], ["updated_at", Fri, 14 Dec 2012 02:09:47 UTC +00:00]]
  [1m[35mSQL (0.2ms)[0m  INSERT INTO "complements" ("created_at", "name", "project_id", "updated_at") VALUES (?, ?, ?, ?)  [["created_at", Fri, 14 Dec 2012 02:09:47 UTC +00:00], ["name", "com1"], ["project_id", 2], ["updated_at", Fri, 14 Dec 2012 02:09:47 UTC +00:00]]
  [1m[36m (0.9ms)[0m  [1mcommit transaction[0m
Redirected to http://0.0.0.0:3000/projects/2
Completed 302 Found in 7ms (ActiveRecord: 1.7ms)


Started GET "/projects/2" for 127.0.0.1 at 2012-12-13 21:09:47 -0500
Processing by ProjectsController#show as HTML
  Parameters: {"id"=>"2"}
  [1m[35mProject Load (0.2ms)[0m  SELECT "projects".* FROM "projects" WHERE "projects"."id" = ? LIMIT 1  [["id", "2"]]
  Rendered projects/show.html.erb within layouts/application (0.5ms)
Completed 200 OK in 6ms (Views: 4.6ms | ActiveRecord: 0.2ms)


Started GET "/assets/application.css?body=1" for 127.0.0.1 at 2012-12-13 21:09:47 -0500
Served asset /application.css - 304 Not Modified (0ms)


Started GET "/assets/scaffolds.css?body=1" for 127.0.0.1 at 2012-12-13 21:09:47 -0500
Served asset /scaffolds.css - 304 Not Modified (0ms)


Started GET "/assets/projects.css?body=1" for 127.0.0.1 at 2012-12-13 21:09:47 -0500
Served asset /projects.css - 304 Not Modified (0ms)


Started GET "/assets/complements.css?body=1" for 127.0.0.1 at 2012-12-13 21:09:47 -0500
Served asset /complements.css - 304 Not Modified (0ms)


Started GET "/assets/jquery_ujs.js?body=1" for 127.0.0.1 at 2012-12-13 21:09:47 -0500
Served asset /jquery_ujs.js - 304 Not Modified (0ms)


Started GET "/assets/jquery.js?body=1" for 127.0.0.1 at 2012-12-13 21:09:47 -0500
Served asset /jquery.js - 304 Not Modified (0ms)


Started GET "/assets/projects.js?body=1" for 127.0.0.1 at 2012-12-13 21:09:47 -0500
Served asset /projects.js - 304 Not Modified (0ms)


Started GET "/assets/application.js?body=1" for 127.0.0.1 at 2012-12-13 21:09:47 -0500
Served asset /application.js - 304 Not Modified (0ms)


Started GET "/assets/complements.js?body=1" for 127.0.0.1 at 2012-12-13 21:09:47 -0500
Served asset /complements.js - 304 Not Modified (0ms)


Started GET "/projects/2" for 127.0.0.1 at 2012-12-13 21:29:50 -0500
Processing by ProjectsController#show as HTML
  Parameters: {"id"=>"2"}
  [1m[36mProject Load (0.1ms)[0m  [1mSELECT "projects".* FROM "projects" WHERE "projects"."id" = ? LIMIT 1[0m  [["id", "2"]]
  [1m[35mComplement Load (0.1ms)[0m  SELECT "complements".* FROM "complements" WHERE "complements"."project_id" = 2
  Rendered projects/show.html.erb within layouts/application (24.2ms)
Completed 200 OK in 29ms (Views: 28.0ms | ActiveRecord: 0.2ms)


Started GET "/assets/application.css?body=1" for 127.0.0.1 at 2012-12-13 21:29:50 -0500
Served asset /application.css - 304 Not Modified (0ms)


Started GET "/assets/scaffolds.css?body=1" for 127.0.0.1 at 2012-12-13 21:29:50 -0500
Served asset /scaffolds.css - 304 Not Modified (0ms)


Started GET "/assets/complements.css?body=1" for 127.0.0.1 at 2012-12-13 21:29:50 -0500
Served asset /complements.css - 304 Not Modified (0ms)


Started GET "/assets/projects.css?body=1" for 127.0.0.1 at 2012-12-13 21:29:50 -0500
Served asset /projects.css - 304 Not Modified (0ms)


Started GET "/assets/jquery_ujs.js?body=1" for 127.0.0.1 at 2012-12-13 21:29:50 -0500
Served asset /jquery_ujs.js - 304 Not Modified (0ms)


Started GET "/assets/jquery.js?body=1" for 127.0.0.1 at 2012-12-13 21:29:50 -0500
Served asset /jquery.js - 304 Not Modified (0ms)


Started GET "/assets/complements.js?body=1" for 127.0.0.1 at 2012-12-13 21:29:50 -0500
Served asset /complements.js - 304 Not Modified (0ms)


Started GET "/assets/projects.js?body=1" for 127.0.0.1 at 2012-12-13 21:29:50 -0500
Served asset /projects.js - 304 Not Modified (0ms)


Started GET "/assets/application.js?body=1" for 127.0.0.1 at 2012-12-13 21:29:50 -0500
Served asset /application.js - 304 Not Modified (0ms)


Started GET "/projects" for 127.0.0.1 at 2012-12-13 21:29:55 -0500
Processing by ProjectsController#index as HTML
  [1m[36mProject Load (0.1ms)[0m  [1mSELECT "projects".* FROM "projects" [0m
  Rendered projects/index.html.erb within layouts/application (1.4ms)
Completed 200 OK in 7ms (Views: 5.5ms | ActiveRecord: 0.1ms)


Started GET "/assets/application.css?body=1" for 127.0.0.1 at 2012-12-13 21:29:55 -0500
Served asset /application.css - 304 Not Modified (0ms)


Started GET "/assets/scaffolds.css?body=1" for 127.0.0.1 at 2012-12-13 21:29:55 -0500
Served asset /scaffolds.css - 304 Not Modified (0ms)


Started GET "/assets/complements.css?body=1" for 127.0.0.1 at 2012-12-13 21:29:55 -0500
Served asset /complements.css - 304 Not Modified (0ms)


Started GET "/assets/projects.css?body=1" for 127.0.0.1 at 2012-12-13 21:29:55 -0500
Served asset /projects.css - 304 Not Modified (0ms)


Started GET "/assets/jquery_ujs.js?body=1" for 127.0.0.1 at 2012-12-13 21:29:55 -0500
Served asset /jquery_ujs.js - 304 Not Modified (0ms)


Started GET "/assets/jquery.js?body=1" for 127.0.0.1 at 2012-12-13 21:29:55 -0500
Served asset /jquery.js - 304 Not Modified (0ms)


Started GET "/assets/projects.js?body=1" for 127.0.0.1 at 2012-12-13 21:29:55 -0500
Served asset /projects.js - 304 Not Modified (0ms)


Started GET "/assets/complements.js?body=1" for 127.0.0.1 at 2012-12-13 21:29:55 -0500
Served asset /complements.js - 304 Not Modified (0ms)


Started GET "/assets/application.js?body=1" for 127.0.0.1 at 2012-12-13 21:29:55 -0500
Served asset /application.js - 304 Not Modified (0ms)


Started GET "/projects/1" for 127.0.0.1 at 2012-12-13 21:29:59 -0500
Processing by ProjectsController#show as HTML
  Parameters: {"id"=>"1"}
  [1m[35mProject Load (0.1ms)[0m  SELECT "projects".* FROM "projects" WHERE "projects"."id" = ? LIMIT 1  [["id", "1"]]
  [1m[36mComplement Load (0.1ms)[0m  [1mSELECT "complements".* FROM "complements" WHERE "complements"."project_id" = 1[0m
  Rendered projects/show.html.erb within layouts/application (1.1ms)
Completed 200 OK in 6ms (Views: 5.0ms | ActiveRecord: 0.2ms)


Started GET "/assets/application.css?body=1" for 127.0.0.1 at 2012-12-13 21:29:59 -0500
Served asset /application.css - 304 Not Modified (0ms)


Started GET "/assets/complements.css?body=1" for 127.0.0.1 at 2012-12-13 21:29:59 -0500
Served asset /complements.css - 304 Not Modified (0ms)


Started GET "/assets/scaffolds.css?body=1" for 127.0.0.1 at 2012-12-13 21:29:59 -0500
Served asset /scaffolds.css - 304 Not Modified (0ms)


Started GET "/assets/jquery_ujs.js?body=1" for 127.0.0.1 at 2012-12-13 21:29:59 -0500
Served asset /jquery_ujs.js - 304 Not Modified (0ms)


Started GET "/assets/jquery.js?body=1" for 127.0.0.1 at 2012-12-13 21:29:59 -0500
Served asset /jquery.js - 304 Not Modified (0ms)


Started GET "/assets/projects.css?body=1" for 127.0.0.1 at 2012-12-13 21:29:59 -0500
Served asset /projects.css - 304 Not Modified (0ms)


Started GET "/assets/complements.js?body=1" for 127.0.0.1 at 2012-12-13 21:29:59 -0500
Served asset /complements.js - 304 Not Modified (0ms)


Started GET "/assets/projects.js?body=1" for 127.0.0.1 at 2012-12-13 21:29:59 -0500
Served asset /projects.js - 304 Not Modified (0ms)


Started GET "/assets/application.js?body=1" for 127.0.0.1 at 2012-12-13 21:29:59 -0500
Served asset /application.js - 304 Not Modified (0ms)


Started GET "/projects/1" for 127.0.0.1 at 2012-12-13 21:31:14 -0500
Processing by ProjectsController#show as HTML
  Parameters: {"id"=>"1"}
  [1m[35mProject Load (0.1ms)[0m  SELECT "projects".* FROM "projects" WHERE "projects"."id" = ? LIMIT 1  [["id", "1"]]
  [1m[36m (0.2ms)[0m  [1mSELECT COUNT(*) FROM "complements" WHERE "complements"."project_id" = 1[0m
  Rendered projects/show.html.erb within layouts/application (2.6ms)
Completed 200 OK in 9ms (Views: 7.4ms | ActiveRecord: 0.3ms)


Started GET "/assets/application.css?body=1" for 127.0.0.1 at 2012-12-13 21:31:14 -0500
Served asset /application.css - 304 Not Modified (0ms)


Started GET "/assets/complements.css?body=1" for 127.0.0.1 at 2012-12-13 21:31:14 -0500
Served asset /complements.css - 304 Not Modified (0ms)


Started GET "/assets/scaffolds.css?body=1" for 127.0.0.1 at 2012-12-13 21:31:14 -0500
Served asset /scaffolds.css - 304 Not Modified (0ms)


Started GET "/assets/jquery_ujs.js?body=1" for 127.0.0.1 at 2012-12-13 21:31:14 -0500
Served asset /jquery_ujs.js - 304 Not Modified (0ms)


Started GET "/assets/jquery.js?body=1" for 127.0.0.1 at 2012-12-13 21:31:14 -0500
Served asset /jquery.js - 304 Not Modified (0ms)


Started GET "/assets/projects.css?body=1" for 127.0.0.1 at 2012-12-13 21:31:14 -0500
Served asset /projects.css - 304 Not Modified (0ms)


Started GET "/assets/complements.js?body=1" for 127.0.0.1 at 2012-12-13 21:31:14 -0500
Served asset /complements.js - 304 Not Modified (0ms)


Started GET "/assets/projects.js?body=1" for 127.0.0.1 at 2012-12-13 21:31:14 -0500
Served asset /projects.js - 304 Not Modified (0ms)


Started GET "/assets/application.js?body=1" for 127.0.0.1 at 2012-12-13 21:31:14 -0500
Served asset /application.js - 304 Not Modified (0ms)


Started GET "/projects" for 127.0.0.1 at 2012-12-13 21:31:17 -0500
Processing by ProjectsController#index as HTML
  [1m[35mProject Load (0.1ms)[0m  SELECT "projects".* FROM "projects" 
  Rendered projects/index.html.erb within layouts/application (1.3ms)
Completed 200 OK in 6ms (Views: 5.1ms | ActiveRecord: 0.1ms)


Started GET "/assets/application.css?body=1" for 127.0.0.1 at 2012-12-13 21:31:17 -0500
Served asset /application.css - 304 Not Modified (0ms)


Started GET "/assets/complements.css?body=1" for 127.0.0.1 at 2012-12-13 21:31:17 -0500
Served asset /complements.css - 304 Not Modified (0ms)


Started GET "/assets/scaffolds.css?body=1" for 127.0.0.1 at 2012-12-13 21:31:17 -0500
Served asset /scaffolds.css - 304 Not Modified (0ms)


Started GET "/assets/projects.css?body=1" for 127.0.0.1 at 2012-12-13 21:31:17 -0500
Served asset /projects.css - 304 Not Modified (0ms)


Started GET "/assets/jquery_ujs.js?body=1" for 127.0.0.1 at 2012-12-13 21:31:17 -0500
Served asset /jquery_ujs.js - 304 Not Modified (0ms)


Started GET "/assets/jquery.js?body=1" for 127.0.0.1 at 2012-12-13 21:31:17 -0500
Served asset /jquery.js - 304 Not Modified (0ms)


Started GET "/assets/complements.js?body=1" for 127.0.0.1 at 2012-12-13 21:31:17 -0500
Served asset /complements.js - 304 Not Modified (0ms)


Started GET "/assets/projects.js?body=1" for 127.0.0.1 at 2012-12-13 21:31:17 -0500
Served asset /projects.js - 304 Not Modified (0ms)


Started GET "/assets/application.js?body=1" for 127.0.0.1 at 2012-12-13 21:31:17 -0500
Served asset /application.js - 304 Not Modified (0ms)


Started GET "/projects/2" for 127.0.0.1 at 2012-12-13 21:31:18 -0500
Processing by ProjectsController#show as HTML
  Parameters: {"id"=>"2"}
  [1m[36mProject Load (0.1ms)[0m  [1mSELECT "projects".* FROM "projects" WHERE "projects"."id" = ? LIMIT 1[0m  [["id", "2"]]
  [1m[35m (0.1ms)[0m  SELECT COUNT(*) FROM "complements" WHERE "complements"."project_id" = 2
  [1m[36mComplement Load (0.1ms)[0m  [1mSELECT "complements".* FROM "complements" WHERE "complements"."project_id" = 2[0m
  Rendered projects/show.html.erb within layouts/application (1.5ms)
Completed 200 OK in 6ms (Views: 5.1ms | ActiveRecord: 0.3ms)


Started GET "/assets/application.css?body=1" for 127.0.0.1 at 2012-12-13 21:31:18 -0500
Served asset /application.css - 304 Not Modified (0ms)


Started GET "/assets/complements.css?body=1" for 127.0.0.1 at 2012-12-13 21:31:18 -0500
Served asset /complements.css - 304 Not Modified (0ms)


Started GET "/assets/projects.css?body=1" for 127.0.0.1 at 2012-12-13 21:31:18 -0500
Served asset /projects.css - 304 Not Modified (0ms)


Started GET "/assets/jquery_ujs.js?body=1" for 127.0.0.1 at 2012-12-13 21:31:18 -0500
Served asset /jquery_ujs.js - 304 Not Modified (0ms)


Started GET "/assets/scaffolds.css?body=1" for 127.0.0.1 at 2012-12-13 21:31:18 -0500
Served asset /scaffolds.css - 304 Not Modified (0ms)


Started GET "/assets/jquery.js?body=1" for 127.0.0.1 at 2012-12-13 21:31:18 -0500
Served asset /jquery.js - 304 Not Modified (0ms)


Started GET "/assets/complements.js?body=1" for 127.0.0.1 at 2012-12-13 21:31:18 -0500
Served asset /complements.js - 304 Not Modified (0ms)


Started GET "/assets/projects.js?body=1" for 127.0.0.1 at 2012-12-13 21:31:18 -0500
Served asset /projects.js - 304 Not Modified (0ms)


Started GET "/assets/application.js?body=1" for 127.0.0.1 at 2012-12-13 21:31:18 -0500
Served asset /application.js - 304 Not Modified (0ms)


Started GET "/projects" for 127.0.0.1 at 2012-12-13 21:46:55 -0500
Processing by ProjectsController#index as HTML
  [1m[35mProject Load (0.1ms)[0m  SELECT "projects".* FROM "projects" 
  Rendered projects/index.html.erb within layouts/application (1.9ms)
Completed 200 OK in 11ms (Views: 6.2ms | ActiveRecord: 0.4ms)


Started GET "/assets/application.css?body=1" for 127.0.0.1 at 2012-12-13 21:46:55 -0500
Served asset /application.css - 304 Not Modified (0ms)


Started GET "/assets/complements.css?body=1" for 127.0.0.1 at 2012-12-13 21:46:55 -0500
Served asset /complements.css - 304 Not Modified (0ms)


Started GET "/assets/scaffolds.css?body=1" for 127.0.0.1 at 2012-12-13 21:46:55 -0500
Served asset /scaffolds.css - 304 Not Modified (0ms)


Started GET "/assets/projects.css?body=1" for 127.0.0.1 at 2012-12-13 21:46:55 -0500
Served asset /projects.css - 304 Not Modified (0ms)


Started GET "/assets/jquery_ujs.js?body=1" for 127.0.0.1 at 2012-12-13 21:46:55 -0500
Served asset /jquery_ujs.js - 304 Not Modified (0ms)


Started GET "/assets/jquery.js?body=1" for 127.0.0.1 at 2012-12-13 21:46:55 -0500
Served asset /jquery.js - 304 Not Modified (0ms)


Started GET "/assets/complements.js?body=1" for 127.0.0.1 at 2012-12-13 21:46:55 -0500
Served asset /complements.js - 304 Not Modified (0ms)


Started GET "/assets/projects.js?body=1" for 127.0.0.1 at 2012-12-13 21:46:55 -0500
Served asset /projects.js - 304 Not Modified (0ms)


Started GET "/assets/application.js?body=1" for 127.0.0.1 at 2012-12-13 21:46:55 -0500
Served asset /application.js - 304 Not Modified (0ms)


Started GET "/projects/new" for 127.0.0.1 at 2012-12-13 21:46:57 -0500
Processing by ProjectsController#new as HTML
  Rendered projects/_form.html.erb (2.7ms)
  Rendered projects/new.html.erb within layouts/application (3.3ms)
Completed 200 OK in 15ms (Views: 7.3ms | ActiveRecord: 0.2ms)


Started GET "/assets/application.css?body=1" for 127.0.0.1 at 2012-12-13 21:46:57 -0500
Served asset /application.css - 304 Not Modified (0ms)


Started GET "/assets/complements.css?body=1" for 127.0.0.1 at 2012-12-13 21:46:57 -0500
Served asset /complements.css - 304 Not Modified (0ms)


Started GET "/assets/scaffolds.css?body=1" for 127.0.0.1 at 2012-12-13 21:46:57 -0500
Served asset /scaffolds.css - 304 Not Modified (0ms)


Started GET "/assets/jquery_ujs.js?body=1" for 127.0.0.1 at 2012-12-13 21:46:57 -0500
Served asset /jquery_ujs.js - 304 Not Modified (0ms)


Started GET "/assets/projects.css?body=1" for 127.0.0.1 at 2012-12-13 21:46:57 -0500
Served asset /projects.css - 304 Not Modified (0ms)


Started GET "/assets/jquery.js?body=1" for 127.0.0.1 at 2012-12-13 21:46:57 -0500
Served asset /jquery.js - 304 Not Modified (0ms)


Started GET "/assets/complements.js?body=1" for 127.0.0.1 at 2012-12-13 21:46:57 -0500
Served asset /complements.js - 304 Not Modified (0ms)


Started GET "/assets/projects.js?body=1" for 127.0.0.1 at 2012-12-13 21:46:57 -0500
Served asset /projects.js - 304 Not Modified (0ms)


Started GET "/assets/application.js?body=1" for 127.0.0.1 at 2012-12-13 21:46:57 -0500
Served asset /application.js - 304 Not Modified (0ms)


Started GET "/projects/new" for 127.0.0.1 at 2012-12-13 21:47:16 -0500
Processing by ProjectsController#new as HTML
  Rendered projects/_form.html.erb (3.6ms)
  Rendered projects/new.html.erb within layouts/application (4.4ms)
Completed 200 OK in 10ms (Views: 8.9ms | ActiveRecord: 0.0ms)


Started GET "/assets/application.css?body=1" for 127.0.0.1 at 2012-12-13 21:47:16 -0500
Served asset /application.css - 304 Not Modified (0ms)


Started GET "/assets/complements.css?body=1" for 127.0.0.1 at 2012-12-13 21:47:16 -0500
Served asset /complements.css - 304 Not Modified (0ms)


Started GET "/assets/projects.css?body=1" for 127.0.0.1 at 2012-12-13 21:47:16 -0500
Served asset /projects.css - 304 Not Modified (0ms)


Started GET "/assets/jquery.js?body=1" for 127.0.0.1 at 2012-12-13 21:47:16 -0500
Served asset /jquery.js - 304 Not Modified (0ms)


Started GET "/assets/scaffolds.css?body=1" for 127.0.0.1 at 2012-12-13 21:47:16 -0500
Served asset /scaffolds.css - 304 Not Modified (0ms)


Started GET "/assets/jquery_ujs.js?body=1" for 127.0.0.1 at 2012-12-13 21:47:16 -0500
Served asset /jquery_ujs.js - 304 Not Modified (0ms)


Started GET "/assets/complements.js?body=1" for 127.0.0.1 at 2012-12-13 21:47:16 -0500
Served asset /complements.js - 304 Not Modified (0ms)


Started GET "/assets/projects.js?body=1" for 127.0.0.1 at 2012-12-13 21:47:16 -0500
Served asset /projects.js - 304 Not Modified (0ms)


Started GET "/assets/application.js?body=1" for 127.0.0.1 at 2012-12-13 21:47:16 -0500
Served asset /application.js - 304 Not Modified (0ms)


Started POST "/projects" for 127.0.0.1 at 2012-12-13 21:48:06 -0500
Processing by ProjectsController#create as HTML
  Parameters: {"utf8"=>"✓", "authenticity_token"=>"kv5F0YGiXTk4xhFXvVRo5hDY00sigIelos7zIdXX5dM=", "project"=>{"name"=>"project 3", "complements_attributes"=>{"0"=>{"name"=>"com A"}, "1"=>{"name"=>"com B"}}}, "commit"=>"Create Project"}
  [1m[36m (0.1ms)[0m  [1mbegin transaction[0m
  [1m[35mSQL (0.4ms)[0m  INSERT INTO "projects" ("created_at", "name", "updated_at") VALUES (?, ?, ?)  [["created_at", Fri, 14 Dec 2012 02:48:06 UTC +00:00], ["name", "project 3"], ["updated_at", Fri, 14 Dec 2012 02:48:06 UTC +00:00]]
  [1m[36mSQL (0.2ms)[0m  [1mINSERT INTO "complements" ("created_at", "name", "project_id", "updated_at") VALUES (?, ?, ?, ?)[0m  [["created_at", Fri, 14 Dec 2012 02:48:06 UTC +00:00], ["name", "com A"], ["project_id", 3], ["updated_at", Fri, 14 Dec 2012 02:48:06 UTC +00:00]]
  [1m[35mSQL (0.1ms)[0m  INSERT INTO "complements" ("created_at", "name", "project_id", "updated_at") VALUES (?, ?, ?, ?)  [["created_at", Fri, 14 Dec 2012 02:48:06 UTC +00:00], ["name", "com B"], ["project_id", 3], ["updated_at", Fri, 14 Dec 2012 02:48:06 UTC +00:00]]
  [1m[36m (0.9ms)[0m  [1mcommit transaction[0m
Redirected to http://0.0.0.0:3000/projects/3
Completed 302 Found in 7ms (ActiveRecord: 1.7ms)


Started GET "/projects/3" for 127.0.0.1 at 2012-12-13 21:48:06 -0500
Processing by ProjectsController#show as HTML
  Parameters: {"id"=>"3"}
  [1m[35mProject Load (0.2ms)[0m  SELECT "projects".* FROM "projects" WHERE "projects"."id" = ? LIMIT 1  [["id", "3"]]
  [1m[36m (0.1ms)[0m  [1mSELECT COUNT(*) FROM "complements" WHERE "complements"."project_id" = 3[0m
  [1m[35mComplement Load (0.1ms)[0m  SELECT "complements".* FROM "complements" WHERE "complements"."project_id" = 3
  Rendered projects/show.html.erb within layouts/application (2.2ms)
Completed 200 OK in 9ms (Views: 7.7ms | ActiveRecord: 0.4ms)


Started GET "/assets/application.css?body=1" for 127.0.0.1 at 2012-12-13 21:48:06 -0500
Served asset /application.css - 304 Not Modified (0ms)


Started GET "/assets/scaffolds.css?body=1" for 127.0.0.1 at 2012-12-13 21:48:06 -0500
Served asset /scaffolds.css - 304 Not Modified (0ms)


Started GET "/assets/jquery.js?body=1" for 127.0.0.1 at 2012-12-13 21:48:06 -0500
Served asset /jquery.js - 304 Not Modified (0ms)


Started GET "/assets/complements.css?body=1" for 127.0.0.1 at 2012-12-13 21:48:06 -0500
Served asset /complements.css - 304 Not Modified (0ms)


Started GET "/assets/jquery_ujs.js?body=1" for 127.0.0.1 at 2012-12-13 21:48:06 -0500
Served asset /jquery_ujs.js - 304 Not Modified (0ms)


Started GET "/assets/projects.css?body=1" for 127.0.0.1 at 2012-12-13 21:48:06 -0500
Served asset /projects.css - 304 Not Modified (0ms)


Started GET "/assets/complements.js?body=1" for 127.0.0.1 at 2012-12-13 21:48:06 -0500
Served asset /complements.js - 304 Not Modified (0ms)


Started GET "/assets/projects.js?body=1" for 127.0.0.1 at 2012-12-13 21:48:06 -0500
Served asset /projects.js - 304 Not Modified (0ms)


Started GET "/assets/application.js?body=1" for 127.0.0.1 at 2012-12-13 21:48:06 -0500
Served asset /application.js - 304 Not Modified (0ms)


Started GET "/projects/3" for 127.0.0.1 at 2012-12-13 21:50:12 -0500
Processing by ProjectsController#show as HTML
  Parameters: {"id"=>"3"}
  [1m[36mProject Load (0.1ms)[0m  [1mSELECT "projects".* FROM "projects" WHERE "projects"."id" = ? LIMIT 1[0m  [["id", "3"]]
  [1m[35m (0.1ms)[0m  SELECT COUNT(*) FROM "complements" WHERE "complements"."project_id" = 3
  [1m[36mComplement Load (0.1ms)[0m  [1mSELECT "complements".* FROM "complements" WHERE "complements"."project_id" = 3[0m
  Rendered projects/show.html.erb within layouts/application (2.7ms)
Completed 200 OK in 8ms (Views: 7.2ms | ActiveRecord: 0.4ms)


Started GET "/assets/application.css?body=1" for 127.0.0.1 at 2012-12-13 21:50:12 -0500
Served asset /application.css - 304 Not Modified (0ms)


Started GET "/assets/projects.css?body=1" for 127.0.0.1 at 2012-12-13 21:50:12 -0500
Served asset /projects.css - 304 Not Modified (0ms)


Started GET "/assets/jquery.js?body=1" for 127.0.0.1 at 2012-12-13 21:50:12 -0500
Served asset /jquery.js - 304 Not Modified (0ms)


Started GET "/assets/scaffolds.css?body=1" for 127.0.0.1 at 2012-12-13 21:50:12 -0500
Served asset /scaffolds.css - 304 Not Modified (0ms)


Started GET "/assets/jquery_ujs.js?body=1" for 127.0.0.1 at 2012-12-13 21:50:12 -0500
Served asset /jquery_ujs.js - 304 Not Modified (0ms)


Started GET "/assets/complements.css?body=1" for 127.0.0.1 at 2012-12-13 21:50:12 -0500
Served asset /complements.css - 304 Not Modified (0ms)


Started GET "/assets/complements.js?body=1" for 127.0.0.1 at 2012-12-13 21:50:12 -0500
Served asset /complements.js - 304 Not Modified (0ms)


Started GET "/assets/projects.js?body=1" for 127.0.0.1 at 2012-12-13 21:50:12 -0500
Served asset /projects.js - 304 Not Modified (0ms)


Started GET "/assets/application.js?body=1" for 127.0.0.1 at 2012-12-13 21:50:12 -0500
Served asset /application.js - 304 Not Modified (0ms)


Started GET "/projects/3" for 127.0.0.1 at 2012-12-13 21:50:19 -0500
Processing by ProjectsController#show as HTML
  Parameters: {"id"=>"3"}
  [1m[35mProject Load (0.1ms)[0m  SELECT "projects".* FROM "projects" WHERE "projects"."id" = ? LIMIT 1  [["id", "3"]]
  [1m[36m (0.1ms)[0m  [1mSELECT COUNT(*) FROM "complements" WHERE "complements"."project_id" = 3[0m
  [1m[35mComplement Load (0.1ms)[0m  SELECT "complements".* FROM "complements" WHERE "complements"."project_id" = 3
  Rendered projects/show.html.erb within layouts/application (2.8ms)
Completed 200 OK in 9ms (Views: 7.5ms | ActiveRecord: 0.4ms)


Started GET "/assets/application.css?body=1" for 127.0.0.1 at 2012-12-13 21:50:19 -0500
Served asset /application.css - 304 Not Modified (0ms)


Started GET "/assets/projects.css?body=1" for 127.0.0.1 at 2012-12-13 21:50:19 -0500
Served asset /projects.css - 304 Not Modified (0ms)


Started GET "/assets/complements.css?body=1" for 127.0.0.1 at 2012-12-13 21:50:19 -0500
Served asset /complements.css - 304 Not Modified (0ms)


Started GET "/assets/scaffolds.css?body=1" for 127.0.0.1 at 2012-12-13 21:50:19 -0500
Served asset /scaffolds.css - 304 Not Modified (0ms)


Started GET "/assets/jquery_ujs.js?body=1" for 127.0.0.1 at 2012-12-13 21:50:19 -0500
Served asset /jquery_ujs.js - 304 Not Modified (0ms)


Started GET "/assets/jquery.js?body=1" for 127.0.0.1 at 2012-12-13 21:50:19 -0500
Served asset /jquery.js - 304 Not Modified (0ms)


Started GET "/assets/complements.js?body=1" for 127.0.0.1 at 2012-12-13 21:50:19 -0500
Served asset /complements.js - 304 Not Modified (0ms)


Started GET "/assets/projects.js?body=1" for 127.0.0.1 at 2012-12-13 21:50:19 -0500
Served asset /projects.js - 304 Not Modified (0ms)


Started GET "/assets/application.js?body=1" for 127.0.0.1 at 2012-12-13 21:50:19 -0500
Served asset /application.js - 304 Not Modified (0ms)


Started GET "/projects/3" for 127.0.0.1 at 2012-12-13 21:50:29 -0500
Processing by ProjectsController#show as HTML
  Parameters: {"id"=>"3"}
  [1m[36mProject Load (0.1ms)[0m  [1mSELECT "projects".* FROM "projects" WHERE "projects"."id" = ? LIMIT 1[0m  [["id", "3"]]
  [1m[35m (0.2ms)[0m  SELECT COUNT(*) FROM "complements" WHERE "complements"."project_id" = 3
  [1m[36mComplement Load (0.1ms)[0m  [1mSELECT "complements".* FROM "complements" WHERE "complements"."project_id" = 3[0m
  Rendered projects/show.html.erb within layouts/application (3.4ms)
Completed 200 OK in 9ms (Views: 8.1ms | ActiveRecord: 0.4ms)


Started GET "/assets/application.css?body=1" for 127.0.0.1 at 2012-12-13 21:50:29 -0500
Served asset /application.css - 304 Not Modified (0ms)


Started GET "/assets/jquery.js?body=1" for 127.0.0.1 at 2012-12-13 21:50:29 -0500
Served asset /jquery.js - 304 Not Modified (0ms)


Started GET "/assets/scaffolds.css?body=1" for 127.0.0.1 at 2012-12-13 21:50:29 -0500
Served asset /scaffolds.css - 304 Not Modified (0ms)


Started GET "/assets/projects.css?body=1" for 127.0.0.1 at 2012-12-13 21:50:29 -0500
Served asset /projects.css - 304 Not Modified (0ms)


Started GET "/assets/jquery_ujs.js?body=1" for 127.0.0.1 at 2012-12-13 21:50:29 -0500
Served asset /jquery_ujs.js - 304 Not Modified (0ms)


Started GET "/assets/complements.css?body=1" for 127.0.0.1 at 2012-12-13 21:50:29 -0500
Served asset /complements.css - 304 Not Modified (0ms)


Started GET "/assets/complements.js?body=1" for 127.0.0.1 at 2012-12-13 21:50:29 -0500
Served asset /complements.js - 304 Not Modified (0ms)


Started GET "/assets/projects.js?body=1" for 127.0.0.1 at 2012-12-13 21:50:29 -0500
Served asset /projects.js - 304 Not Modified (0ms)


Started GET "/assets/application.js?body=1" for 127.0.0.1 at 2012-12-13 21:50:29 -0500
Served asset /application.js - 304 Not Modified (0ms)


Started GET "/projects/3/edit" for 127.0.0.1 at 2012-12-13 21:51:43 -0500
Processing by ProjectsController#edit as HTML
  Parameters: {"id"=>"3"}
  [1m[35mProject Load (0.1ms)[0m  SELECT "projects".* FROM "projects" WHERE "projects"."id" = ? LIMIT 1  [["id", "3"]]
  [1m[36mComplement Load (0.1ms)[0m  [1mSELECT "complements".* FROM "complements" WHERE "complements"."project_id" = 3[0m
  Rendered projects/_form.html.erb (3.5ms)
  Rendered projects/edit.html.erb within layouts/application (4.7ms)
Completed 200 OK in 9ms (Views: 8.4ms | ActiveRecord: 0.2ms)


Started GET "/assets/application.css?body=1" for 127.0.0.1 at 2012-12-13 21:51:43 -0500
Served asset /application.css - 304 Not Modified (0ms)


Started GET "/assets/projects.css?body=1" for 127.0.0.1 at 2012-12-13 21:51:43 -0500
Served asset /projects.css - 304 Not Modified (0ms)


Started GET "/assets/complements.css?body=1" for 127.0.0.1 at 2012-12-13 21:51:43 -0500
Served asset /complements.css - 304 Not Modified (0ms)


Started GET "/assets/scaffolds.css?body=1" for 127.0.0.1 at 2012-12-13 21:51:43 -0500
Served asset /scaffolds.css - 304 Not Modified (0ms)


Started GET "/assets/jquery.js?body=1" for 127.0.0.1 at 2012-12-13 21:51:43 -0500
Served asset /jquery.js - 304 Not Modified (0ms)


Started GET "/assets/jquery_ujs.js?body=1" for 127.0.0.1 at 2012-12-13 21:51:43 -0500
Served asset /jquery_ujs.js - 304 Not Modified (0ms)


Started GET "/assets/complements.js?body=1" for 127.0.0.1 at 2012-12-13 21:51:43 -0500
Served asset /complements.js - 304 Not Modified (0ms)


Started GET "/assets/projects.js?body=1" for 127.0.0.1 at 2012-12-13 21:51:43 -0500
Served asset /projects.js - 304 Not Modified (0ms)


Started GET "/assets/application.js?body=1" for 127.0.0.1 at 2012-12-13 21:51:43 -0500
Served asset /application.js - 304 Not Modified (0ms)


Started PUT "/projects/3" for 127.0.0.1 at 2012-12-13 21:51:56 -0500
Processing by ProjectsController#update as HTML
  Parameters: {"utf8"=>"✓", "authenticity_token"=>"kv5F0YGiXTk4xhFXvVRo5hDY00sigIelos7zIdXX5dM=", "project"=>{"name"=>"project 3", "complements_attributes"=>{"0"=>{"name"=>"com C", "id"=>"2"}, "1"=>{"name"=>"com B", "id"=>"3"}}}, "commit"=>"Update Project", "id"=>"3"}
  [1m[35mProject Load (0.1ms)[0m  SELECT "projects".* FROM "projects" WHERE "projects"."id" = ? LIMIT 1  [["id", "3"]]
  [1m[36m (0.0ms)[0m  [1mbegin transaction[0m
  [1m[35mComplement Load (0.2ms)[0m  SELECT "complements".* FROM "complements" WHERE "complements"."project_id" = 3 AND "complements"."id" IN (2, 3)
  [1m[36m (0.2ms)[0m  [1mUPDATE "complements" SET "name" = 'com C', "updated_at" = '2012-12-14 02:51:56.354954' WHERE "complements"."id" = 2[0m
  [1m[35m (0.8ms)[0m  commit transaction
Redirected to http://0.0.0.0:3000/projects/3
Completed 302 Found in 8ms (ActiveRecord: 1.4ms)


Started GET "/projects/3" for 127.0.0.1 at 2012-12-13 21:51:56 -0500
Processing by ProjectsController#show as HTML
  Parameters: {"id"=>"3"}
  [1m[36mProject Load (0.1ms)[0m  [1mSELECT "projects".* FROM "projects" WHERE "projects"."id" = ? LIMIT 1[0m  [["id", "3"]]
  [1m[35m (0.1ms)[0m  SELECT COUNT(*) FROM "complements" WHERE "complements"."project_id" = 3
  [1m[36mComplement Load (0.1ms)[0m  [1mSELECT "complements".* FROM "complements" WHERE "complements"."project_id" = 3[0m
  Rendered projects/show.html.erb within layouts/application (1.6ms)
Completed 200 OK in 6ms (Views: 5.4ms | ActiveRecord: 0.3ms)


Started GET "/assets/application.css?body=1" for 127.0.0.1 at 2012-12-13 21:51:56 -0500
Served asset /application.css - 304 Not Modified (0ms)


Started GET "/assets/jquery_ujs.js?body=1" for 127.0.0.1 at 2012-12-13 21:51:56 -0500
Served asset /jquery_ujs.js - 304 Not Modified (0ms)


Started GET "/assets/projects.css?body=1" for 127.0.0.1 at 2012-12-13 21:51:56 -0500
Served asset /projects.css - 304 Not Modified (0ms)


Started GET "/assets/scaffolds.css?body=1" for 127.0.0.1 at 2012-12-13 21:51:56 -0500
Served asset /scaffolds.css - 304 Not Modified (0ms)


Started GET "/assets/jquery.js?body=1" for 127.0.0.1 at 2012-12-13 21:51:56 -0500
Served asset /jquery.js - 304 Not Modified (0ms)


Started GET "/assets/complements.css?body=1" for 127.0.0.1 at 2012-12-13 21:51:56 -0500
Served asset /complements.css - 304 Not Modified (0ms)


Started GET "/assets/projects.js?body=1" for 127.0.0.1 at 2012-12-13 21:51:56 -0500
Served asset /projects.js - 304 Not Modified (0ms)


Started GET "/assets/complements.js?body=1" for 127.0.0.1 at 2012-12-13 21:51:56 -0500
Served asset /complements.js - 304 Not Modified (0ms)


Started GET "/assets/application.js?body=1" for 127.0.0.1 at 2012-12-13 21:51:56 -0500
Served asset /application.js - 304 Not Modified (0ms)


Started GET "/projects/3/edit" for 127.0.0.1 at 2012-12-13 21:52:00 -0500
Processing by ProjectsController#edit as HTML
  Parameters: {"id"=>"3"}
  [1m[35mProject Load (0.1ms)[0m  SELECT "projects".* FROM "projects" WHERE "projects"."id" = ? LIMIT 1  [["id", "3"]]
  [1m[36mComplement Load (0.1ms)[0m  [1mSELECT "complements".* FROM "complements" WHERE "complements"."project_id" = 3[0m
  Rendered projects/_form.html.erb (3.5ms)
  Rendered projects/edit.html.erb within layouts/application (4.4ms)
Completed 200 OK in 9ms (Views: 8.5ms | ActiveRecord: 0.2ms)


Started GET "/assets/application.css?body=1" for 127.0.0.1 at 2012-12-13 21:52:00 -0500
Served asset /application.css - 304 Not Modified (0ms)


Started GET "/assets/complements.css?body=1" for 127.0.0.1 at 2012-12-13 21:52:00 -0500
Served asset /complements.css - 304 Not Modified (0ms)


Started GET "/assets/scaffolds.css?body=1" for 127.0.0.1 at 2012-12-13 21:52:00 -0500
Served asset /scaffolds.css - 304 Not Modified (0ms)


Started GET "/assets/jquery_ujs.js?body=1" for 127.0.0.1 at 2012-12-13 21:52:00 -0500
Served asset /jquery_ujs.js - 304 Not Modified (0ms)


Started GET "/assets/projects.css?body=1" for 127.0.0.1 at 2012-12-13 21:52:00 -0500
Served asset /projects.css - 304 Not Modified (0ms)


Started GET "/assets/jquery.js?body=1" for 127.0.0.1 at 2012-12-13 21:52:00 -0500
Served asset /jquery.js - 304 Not Modified (0ms)


Started GET "/assets/complements.js?body=1" for 127.0.0.1 at 2012-12-13 21:52:00 -0500
Served asset /complements.js - 304 Not Modified (0ms)


Started GET "/assets/projects.js?body=1" for 127.0.0.1 at 2012-12-13 21:52:00 -0500
Served asset /projects.js - 304 Not Modified (0ms)


Started GET "/assets/application.js?body=1" for 127.0.0.1 at 2012-12-13 21:52:00 -0500
Served asset /application.js - 304 Not Modified (0ms)


Started PUT "/projects/3" for 127.0.0.1 at 2012-12-13 21:52:04 -0500
Processing by ProjectsController#update as HTML
  Parameters: {"utf8"=>"✓", "authenticity_token"=>"kv5F0YGiXTk4xhFXvVRo5hDY00sigIelos7zIdXX5dM=", "project"=>{"name"=>"project 3", "complements_attributes"=>{"0"=>{"name"=>"com C", "id"=>"2"}, "1"=>{"name"=>"", "id"=>"3"}}}, "commit"=>"Update Project", "id"=>"3"}
  [1m[35mProject Load (0.1ms)[0m  SELECT "projects".* FROM "projects" WHERE "projects"."id" = ? LIMIT 1  [["id", "3"]]
  [1m[36m (0.0ms)[0m  [1mbegin transaction[0m
  [1m[35mComplement Load (0.2ms)[0m  SELECT "complements".* FROM "complements" WHERE "complements"."project_id" = 3 AND "complements"."id" IN (2, 3)
  [1m[36m (0.2ms)[0m  [1mUPDATE "complements" SET "name" = '', "updated_at" = '2012-12-14 02:52:04.021183' WHERE "complements"."id" = 3[0m
  [1m[35m (0.6ms)[0m  commit transaction
Redirected to http://0.0.0.0:3000/projects/3
Completed 302 Found in 4ms (ActiveRecord: 1.1ms)


Started GET "/projects/3" for 127.0.0.1 at 2012-12-13 21:52:04 -0500
Processing by ProjectsController#show as HTML
  Parameters: {"id"=>"3"}
  [1m[36mProject Load (0.1ms)[0m  [1mSELECT "projects".* FROM "projects" WHERE "projects"."id" = ? LIMIT 1[0m  [["id", "3"]]
  [1m[35m (0.1ms)[0m  SELECT COUNT(*) FROM "complements" WHERE "complements"."project_id" = 3
  [1m[36mComplement Load (0.1ms)[0m  [1mSELECT "complements".* FROM "complements" WHERE "complements"."project_id" = 3[0m
  Rendered projects/show.html.erb within layouts/application (1.6ms)
Completed 200 OK in 6ms (Views: 5.4ms | ActiveRecord: 0.3ms)


Started GET "/assets/application.css?body=1" for 127.0.0.1 at 2012-12-13 21:52:04 -0500
Served asset /application.css - 304 Not Modified (0ms)


Started GET "/assets/scaffolds.css?body=1" for 127.0.0.1 at 2012-12-13 21:52:04 -0500
Served asset /scaffolds.css - 304 Not Modified (0ms)


Started GET "/assets/jquery_ujs.js?body=1" for 127.0.0.1 at 2012-12-13 21:52:04 -0500
Served asset /jquery_ujs.js - 304 Not Modified (0ms)


Started GET "/assets/jquery.js?body=1" for 127.0.0.1 at 2012-12-13 21:52:04 -0500
Served asset /jquery.js - 304 Not Modified (0ms)


Started GET "/assets/complements.css?body=1" for 127.0.0.1 at 2012-12-13 21:52:04 -0500
Served asset /complements.css - 304 Not Modified (0ms)


Started GET "/assets/projects.css?body=1" for 127.0.0.1 at 2012-12-13 21:52:04 -0500
Served asset /projects.css - 304 Not Modified (0ms)


Started GET "/assets/complements.js?body=1" for 127.0.0.1 at 2012-12-13 21:52:04 -0500
Served asset /complements.js - 304 Not Modified (0ms)


Started GET "/assets/projects.js?body=1" for 127.0.0.1 at 2012-12-13 21:52:04 -0500
Served asset /projects.js - 304 Not Modified (0ms)


Started GET "/assets/application.js?body=1" for 127.0.0.1 at 2012-12-13 21:52:04 -0500
Served asset /application.js - 304 Not Modified (0ms)


Started GET "/projects" for 127.0.0.1 at 2012-12-13 21:52:13 -0500
Processing by ProjectsController#index as HTML
  [1m[35mProject Load (0.1ms)[0m  SELECT "projects".* FROM "projects" 
  Rendered projects/index.html.erb within layouts/application (2.0ms)
Completed 200 OK in 32ms (Views: 30.9ms | ActiveRecord: 0.1ms)


Started GET "/assets/complements.css?body=1" for 127.0.0.1 at 2012-12-13 21:52:13 -0500
Served asset /complements.css - 304 Not Modified (0ms)


Started GET "/assets/application.css?body=1" for 127.0.0.1 at 2012-12-13 21:52:13 -0500
Served asset /application.css - 304 Not Modified (0ms)


Started GET "/assets/projects.css?body=1" for 127.0.0.1 at 2012-12-13 21:52:13 -0500
Served asset /projects.css - 304 Not Modified (0ms)


Started GET "/assets/jquery_ujs.js?body=1" for 127.0.0.1 at 2012-12-13 21:52:13 -0500
Served asset /jquery_ujs.js - 304 Not Modified (0ms)


Started GET "/assets/jquery.js?body=1" for 127.0.0.1 at 2012-12-13 21:52:13 -0500
Served asset /jquery.js - 304 Not Modified (0ms)


Started GET "/assets/scaffolds.css?body=1" for 127.0.0.1 at 2012-12-13 21:52:13 -0500
Served asset /scaffolds.css - 304 Not Modified (0ms)


Started GET "/assets/complements.js?body=1" for 127.0.0.1 at 2012-12-13 21:52:13 -0500
Served asset /complements.js - 304 Not Modified (0ms)


Started GET "/assets/projects.js?body=1" for 127.0.0.1 at 2012-12-13 21:52:13 -0500
Served asset /projects.js - 304 Not Modified (0ms)


Started GET "/assets/application.js?body=1" for 127.0.0.1 at 2012-12-13 21:52:13 -0500
Served asset /application.js - 304 Not Modified (0ms)


Started GET "/projects/1" for 127.0.0.1 at 2012-12-13 21:52:16 -0500
Processing by ProjectsController#show as HTML
  Parameters: {"id"=>"1"}
  [1m[36mProject Load (0.1ms)[0m  [1mSELECT "projects".* FROM "projects" WHERE "projects"."id" = ? LIMIT 1[0m  [["id", "1"]]
  [1m[35m (0.1ms)[0m  SELECT COUNT(*) FROM "complements" WHERE "complements"."project_id" = 1
  Rendered projects/show.html.erb within layouts/application (1.2ms)
Completed 200 OK in 6ms (Views: 4.9ms | ActiveRecord: 0.2ms)


Started GET "/assets/application.css?body=1" for 127.0.0.1 at 2012-12-13 21:52:16 -0500
Served asset /application.css - 304 Not Modified (0ms)


Started GET "/assets/complements.css?body=1" for 127.0.0.1 at 2012-12-13 21:52:16 -0500
Served asset /complements.css - 304 Not Modified (0ms)


Started GET "/assets/projects.css?body=1" for 127.0.0.1 at 2012-12-13 21:52:16 -0500
Served asset /projects.css - 304 Not Modified (0ms)


Started GET "/assets/jquery.js?body=1" for 127.0.0.1 at 2012-12-13 21:52:16 -0500
Served asset /jquery.js - 304 Not Modified (0ms)


Started GET "/assets/scaffolds.css?body=1" for 127.0.0.1 at 2012-12-13 21:52:16 -0500
Served asset /scaffolds.css - 304 Not Modified (0ms)


Started GET "/assets/jquery_ujs.js?body=1" for 127.0.0.1 at 2012-12-13 21:52:16 -0500
Served asset /jquery_ujs.js - 304 Not Modified (0ms)


Started GET "/assets/projects.js?body=1" for 127.0.0.1 at 2012-12-13 21:52:16 -0500
Served asset /projects.js - 304 Not Modified (0ms)


Started GET "/assets/complements.js?body=1" for 127.0.0.1 at 2012-12-13 21:52:16 -0500
Served asset /complements.js - 304 Not Modified (0ms)


Started GET "/assets/application.js?body=1" for 127.0.0.1 at 2012-12-13 21:52:16 -0500
Served asset /application.js - 304 Not Modified (0ms)


Started GET "/projects/1/edit" for 127.0.0.1 at 2012-12-13 21:52:19 -0500
Processing by ProjectsController#edit as HTML
  Parameters: {"id"=>"1"}
  [1m[36mProject Load (0.1ms)[0m  [1mSELECT "projects".* FROM "projects" WHERE "projects"."id" = ? LIMIT 1[0m  [["id", "1"]]
  [1m[35mComplement Load (0.1ms)[0m  SELECT "complements".* FROM "complements" WHERE "complements"."project_id" = 1
  Rendered projects/_form.html.erb (1.9ms)
  Rendered projects/edit.html.erb within layouts/application (2.7ms)
Completed 200 OK in 7ms (Views: 6.2ms | ActiveRecord: 0.2ms)


Started GET "/assets/application.css?body=1" for 127.0.0.1 at 2012-12-13 21:52:19 -0500
Served asset /application.css - 304 Not Modified (0ms)


Started GET "/assets/complements.css?body=1" for 127.0.0.1 at 2012-12-13 21:52:19 -0500
Served asset /complements.css - 304 Not Modified (0ms)


Started GET "/assets/projects.css?body=1" for 127.0.0.1 at 2012-12-13 21:52:19 -0500
Served asset /projects.css - 304 Not Modified (0ms)


Started GET "/assets/jquery.js?body=1" for 127.0.0.1 at 2012-12-13 21:52:19 -0500
Served asset /jquery.js - 304 Not Modified (0ms)


Started GET "/assets/jquery_ujs.js?body=1" for 127.0.0.1 at 2012-12-13 21:52:19 -0500
Served asset /jquery_ujs.js - 304 Not Modified (0ms)


Started GET "/assets/scaffolds.css?body=1" for 127.0.0.1 at 2012-12-13 21:52:19 -0500
Served asset /scaffolds.css - 304 Not Modified (0ms)


Started GET "/assets/complements.js?body=1" for 127.0.0.1 at 2012-12-13 21:52:19 -0500
Served asset /complements.js - 304 Not Modified (0ms)


Started GET "/assets/projects.js?body=1" for 127.0.0.1 at 2012-12-13 21:52:19 -0500
Served asset /projects.js - 304 Not Modified (0ms)


Started GET "/assets/application.js?body=1" for 127.0.0.1 at 2012-12-13 21:52:19 -0500
Served asset /application.js - 304 Not Modified (0ms)


Started GET "/projects" for 127.0.0.1 at 2012-12-13 21:52:22 -0500
Processing by ProjectsController#index as HTML
  [1m[36mProject Load (0.1ms)[0m  [1mSELECT "projects".* FROM "projects" [0m
  Rendered projects/index.html.erb within layouts/application (1.7ms)
Completed 200 OK in 6ms (Views: 5.5ms | ActiveRecord: 0.1ms)


Started GET "/assets/complements.css?body=1" for 127.0.0.1 at 2012-12-13 21:52:23 -0500
Served asset /complements.css - 304 Not Modified (0ms)


Started GET "/assets/projects.css?body=1" for 127.0.0.1 at 2012-12-13 21:52:23 -0500
Served asset /projects.css - 304 Not Modified (0ms)


Started GET "/assets/application.css?body=1" for 127.0.0.1 at 2012-12-13 21:52:23 -0500
Served asset /application.css - 304 Not Modified (0ms)


Started GET "/assets/jquery.js?body=1" for 127.0.0.1 at 2012-12-13 21:52:23 -0500
Served asset /jquery.js - 304 Not Modified (0ms)


Started GET "/assets/scaffolds.css?body=1" for 127.0.0.1 at 2012-12-13 21:52:23 -0500
Served asset /scaffolds.css - 304 Not Modified (0ms)


Started GET "/assets/jquery_ujs.js?body=1" for 127.0.0.1 at 2012-12-13 21:52:23 -0500
Served asset /jquery_ujs.js - 304 Not Modified (0ms)


Started GET "/assets/complements.js?body=1" for 127.0.0.1 at 2012-12-13 21:52:23 -0500
Served asset /complements.js - 304 Not Modified (0ms)


Started GET "/assets/projects.js?body=1" for 127.0.0.1 at 2012-12-13 21:52:23 -0500
Served asset /projects.js - 304 Not Modified (0ms)


Started GET "/assets/application.js?body=1" for 127.0.0.1 at 2012-12-13 21:52:23 -0500
Served asset /application.js - 304 Not Modified (0ms)


Started GET "/projects/3" for 127.0.0.1 at 2012-12-13 21:52:26 -0500
Processing by ProjectsController#show as HTML
  Parameters: {"id"=>"3"}
  [1m[35mProject Load (0.1ms)[0m  SELECT "projects".* FROM "projects" WHERE "projects"."id" = ? LIMIT 1  [["id", "3"]]
  [1m[36m (0.1ms)[0m  [1mSELECT COUNT(*) FROM "complements" WHERE "complements"."project_id" = 3[0m
  [1m[35mComplement Load (0.1ms)[0m  SELECT "complements".* FROM "complements" WHERE "complements"."project_id" = 3
  Rendered projects/show.html.erb within layouts/application (1.4ms)
Completed 200 OK in 6ms (Views: 4.9ms | ActiveRecord: 0.3ms)


Started GET "/assets/application.css?body=1" for 127.0.0.1 at 2012-12-13 21:52:26 -0500
Served asset /application.css - 304 Not Modified (0ms)


Started GET "/assets/complements.css?body=1" for 127.0.0.1 at 2012-12-13 21:52:26 -0500
Served asset /complements.css - 304 Not Modified (0ms)


Started GET "/assets/scaffolds.css?body=1" for 127.0.0.1 at 2012-12-13 21:52:26 -0500
Served asset /scaffolds.css - 304 Not Modified (0ms)


Started GET "/assets/projects.css?body=1" for 127.0.0.1 at 2012-12-13 21:52:26 -0500
Served asset /projects.css - 304 Not Modified (0ms)


Started GET "/assets/jquery_ujs.js?body=1" for 127.0.0.1 at 2012-12-13 21:52:26 -0500
Served asset /jquery_ujs.js - 304 Not Modified (0ms)


Started GET "/assets/jquery.js?body=1" for 127.0.0.1 at 2012-12-13 21:52:26 -0500
Served asset /jquery.js - 304 Not Modified (0ms)


Started GET "/assets/complements.js?body=1" for 127.0.0.1 at 2012-12-13 21:52:26 -0500
Served asset /complements.js - 304 Not Modified (0ms)


Started GET "/assets/projects.js?body=1" for 127.0.0.1 at 2012-12-13 21:52:26 -0500
Served asset /projects.js - 304 Not Modified (0ms)


Started GET "/assets/application.js?body=1" for 127.0.0.1 at 2012-12-13 21:52:26 -0500
Served asset /application.js - 304 Not Modified (0ms)


Started GET "/projects/3" for 127.0.0.1 at 2012-12-13 21:54:18 -0500
Processing by ProjectsController#show as HTML
  Parameters: {"id"=>"3"}
  [1m[36mProject Load (0.1ms)[0m  [1mSELECT "projects".* FROM "projects" WHERE "projects"."id" = ? LIMIT 1[0m  [["id", "3"]]
  [1m[35m (0.1ms)[0m  SELECT COUNT(*) FROM "complements" WHERE "complements"."project_id" = 3
  [1m[36mComplement Load (0.1ms)[0m  [1mSELECT "complements".* FROM "complements" WHERE "complements"."project_id" = 3[0m
  Rendered projects/show.html.erb within layouts/application (2.6ms)
Completed 200 OK in 8ms (Views: 7.2ms | ActiveRecord: 0.3ms)


Started GET "/assets/application.css?body=1" for 127.0.0.1 at 2012-12-13 21:54:18 -0500
Served asset /application.css - 304 Not Modified (0ms)


Started GET "/assets/complements.css?body=1" for 127.0.0.1 at 2012-12-13 21:54:18 -0500
Served asset /complements.css - 304 Not Modified (0ms)


Started GET "/assets/projects.css?body=1" for 127.0.0.1 at 2012-12-13 21:54:18 -0500
Served asset /projects.css - 304 Not Modified (0ms)


Started GET "/assets/jquery_ujs.js?body=1" for 127.0.0.1 at 2012-12-13 21:54:18 -0500
Served asset /jquery_ujs.js - 304 Not Modified (0ms)


Started GET "/assets/jquery.js?body=1" for 127.0.0.1 at 2012-12-13 21:54:18 -0500
Served asset /jquery.js - 304 Not Modified (0ms)


Started GET "/assets/scaffolds.css?body=1" for 127.0.0.1 at 2012-12-13 21:54:18 -0500
Served asset /scaffolds.css - 304 Not Modified (0ms)


Started GET "/assets/complements.js?body=1" for 127.0.0.1 at 2012-12-13 21:54:18 -0500
Served asset /complements.js - 304 Not Modified (0ms)


Started GET "/assets/projects.js?body=1" for 127.0.0.1 at 2012-12-13 21:54:18 -0500
Served asset /projects.js - 304 Not Modified (0ms)


Started GET "/assets/application.js?body=1" for 127.0.0.1 at 2012-12-13 21:54:18 -0500
Served asset /application.js - 304 Not Modified (0ms)


Started GET "/projects/3/edit" for 127.0.0.1 at 2012-12-13 21:54:20 -0500
Processing by ProjectsController#edit as HTML
  Parameters: {"id"=>"3"}
  [1m[35mProject Load (0.1ms)[0m  SELECT "projects".* FROM "projects" WHERE "projects"."id" = ? LIMIT 1  [["id", "3"]]
  [1m[36mComplement Load (0.1ms)[0m  [1mSELECT "complements".* FROM "complements" WHERE "complements"."project_id" = 3[0m
  Rendered projects/_form.html.erb (3.3ms)
  Rendered projects/edit.html.erb within layouts/application (4.1ms)
Completed 200 OK in 9ms (Views: 8.4ms | ActiveRecord: 0.2ms)


Started GET "/assets/application.css?body=1" for 127.0.0.1 at 2012-12-13 21:54:20 -0500
Served asset /application.css - 304 Not Modified (0ms)


Started GET "/assets/projects.css?body=1" for 127.0.0.1 at 2012-12-13 21:54:20 -0500
Served asset /projects.css - 304 Not Modified (0ms)


Started GET "/assets/complements.css?body=1" for 127.0.0.1 at 2012-12-13 21:54:20 -0500
Served asset /complements.css - 304 Not Modified (0ms)


Started GET "/assets/jquery.js?body=1" for 127.0.0.1 at 2012-12-13 21:54:20 -0500
Served asset /jquery.js - 304 Not Modified (0ms)


Started GET "/assets/jquery_ujs.js?body=1" for 127.0.0.1 at 2012-12-13 21:54:20 -0500
Served asset /jquery_ujs.js - 304 Not Modified (0ms)


Started GET "/assets/scaffolds.css?body=1" for 127.0.0.1 at 2012-12-13 21:54:20 -0500
Served asset /scaffolds.css - 304 Not Modified (0ms)


Started GET "/assets/complements.js?body=1" for 127.0.0.1 at 2012-12-13 21:54:20 -0500
Served asset /complements.js - 304 Not Modified (0ms)


Started GET "/assets/projects.js?body=1" for 127.0.0.1 at 2012-12-13 21:54:20 -0500
Served asset /projects.js - 304 Not Modified (0ms)


Started GET "/assets/application.js?body=1" for 127.0.0.1 at 2012-12-13 21:54:20 -0500
Served asset /application.js - 304 Not Modified (0ms)


Started PUT "/projects/3" for 127.0.0.1 at 2012-12-13 21:54:23 -0500
Processing by ProjectsController#update as HTML
  Parameters: {"utf8"=>"✓", "authenticity_token"=>"kv5F0YGiXTk4xhFXvVRo5hDY00sigIelos7zIdXX5dM=", "project"=>{"name"=>"project 3", "complements_attributes"=>{"0"=>{"name"=>"com C", "id"=>"2"}, "1"=>{"name"=>"COM D", "id"=>"3"}}}, "commit"=>"Update Project", "id"=>"3"}
  [1m[35mProject Load (0.1ms)[0m  SELECT "projects".* FROM "projects" WHERE "projects"."id" = ? LIMIT 1  [["id", "3"]]
  [1m[36m (0.0ms)[0m  [1mbegin transaction[0m
  [1m[35mComplement Load (0.2ms)[0m  SELECT "complements".* FROM "complements" WHERE "complements"."project_id" = 3 AND "complements"."id" IN (2, 3)
  [1m[36m (0.2ms)[0m  [1mUPDATE "complements" SET "name" = 'COM D', "updated_at" = '2012-12-14 02:54:23.534893' WHERE "complements"."id" = 3[0m
  [1m[35m (1.1ms)[0m  commit transaction
Redirected to http://0.0.0.0:3000/projects/3
Completed 302 Found in 5ms (ActiveRecord: 1.7ms)


Started GET "/projects/3" for 127.0.0.1 at 2012-12-13 21:54:23 -0500
Processing by ProjectsController#show as HTML
  Parameters: {"id"=>"3"}
  [1m[36mProject Load (0.1ms)[0m  [1mSELECT "projects".* FROM "projects" WHERE "projects"."id" = ? LIMIT 1[0m  [["id", "3"]]
  [1m[35m (0.1ms)[0m  SELECT COUNT(*) FROM "complements" WHERE "complements"."project_id" = 3
  [1m[36mComplement Load (0.1ms)[0m  [1mSELECT "complements".* FROM "complements" WHERE "complements"."project_id" = 3[0m
  Rendered projects/show.html.erb within layouts/application (1.6ms)
Completed 200 OK in 6ms (Views: 5.3ms | ActiveRecord: 0.3ms)


Started GET "/assets/application.css?body=1" for 127.0.0.1 at 2012-12-13 21:54:23 -0500
Served asset /application.css - 304 Not Modified (0ms)


Started GET "/assets/jquery.js?body=1" for 127.0.0.1 at 2012-12-13 21:54:23 -0500
Served asset /jquery.js - 304 Not Modified (0ms)


Started GET "/assets/scaffolds.css?body=1" for 127.0.0.1 at 2012-12-13 21:54:23 -0500
Served asset /scaffolds.css - 304 Not Modified (0ms)


Started GET "/assets/complements.css?body=1" for 127.0.0.1 at 2012-12-13 21:54:23 -0500
Served asset /complements.css - 304 Not Modified (0ms)


Started GET "/assets/projects.css?body=1" for 127.0.0.1 at 2012-12-13 21:54:23 -0500
Served asset /projects.css - 304 Not Modified (0ms)


Started GET "/assets/jquery_ujs.js?body=1" for 127.0.0.1 at 2012-12-13 21:54:23 -0500
Served asset /jquery_ujs.js - 304 Not Modified (0ms)


Started GET "/assets/complements.js?body=1" for 127.0.0.1 at 2012-12-13 21:54:23 -0500
Served asset /complements.js - 304 Not Modified (0ms)


Started GET "/assets/projects.js?body=1" for 127.0.0.1 at 2012-12-13 21:54:23 -0500
Served asset /projects.js - 304 Not Modified (0ms)


Started GET "/assets/application.js?body=1" for 127.0.0.1 at 2012-12-13 21:54:23 -0500
Served asset /application.js - 304 Not Modified (0ms)


Started GET "/projects/3" for 127.0.0.1 at 2012-12-13 22:09:06 -0500
Processing by ProjectsController#show as HTML
  Parameters: {"id"=>"3"}
  [1m[35mProject Load (0.1ms)[0m  SELECT "projects".* FROM "projects" WHERE "projects"."id" = ? LIMIT 1  [["id", "3"]]
  [1m[36m (0.1ms)[0m  [1mSELECT COUNT(*) FROM "complements" WHERE "complements"."project_id" = 3[0m
  [1m[35mComplement Load (0.1ms)[0m  SELECT "complements".* FROM "complements" WHERE "complements"."project_id" = 3
  Rendered projects/show.html.erb within layouts/application (1.4ms)
Completed 200 OK in 6ms (Views: 5.0ms | ActiveRecord: 0.3ms)


Started GET "/assets/application.css?body=1" for 127.0.0.1 at 2012-12-13 22:09:06 -0500
Served asset /application.css - 304 Not Modified (0ms)


Started GET "/assets/jquery.js?body=1" for 127.0.0.1 at 2012-12-13 22:09:06 -0500
Served asset /jquery.js - 304 Not Modified (0ms)


Started GET "/assets/complements.css?body=1" for 127.0.0.1 at 2012-12-13 22:09:06 -0500
Served asset /complements.css - 304 Not Modified (0ms)


Started GET "/assets/projects.css?body=1" for 127.0.0.1 at 2012-12-13 22:09:06 -0500
Served asset /projects.css - 304 Not Modified (0ms)


Started GET "/assets/jquery_ujs.js?body=1" for 127.0.0.1 at 2012-12-13 22:09:06 -0500
Served asset /jquery_ujs.js - 304 Not Modified (0ms)


Started GET "/assets/scaffolds.css?body=1" for 127.0.0.1 at 2012-12-13 22:09:06 -0500
Served asset /scaffolds.css - 304 Not Modified (0ms)


Started GET "/assets/complements.js?body=1" for 127.0.0.1 at 2012-12-13 22:09:06 -0500
Served asset /complements.js - 304 Not Modified (0ms)


Started GET "/assets/projects.js?body=1" for 127.0.0.1 at 2012-12-13 22:09:06 -0500
Served asset /projects.js - 304 Not Modified (0ms)


Started GET "/assets/application.js?body=1" for 127.0.0.1 at 2012-12-13 22:09:06 -0500
Served asset /application.js - 304 Not Modified (0ms)


Started GET "/projects/3" for 127.0.0.1 at 2012-12-13 22:09:08 -0500
Processing by ProjectsController#show as HTML
  Parameters: {"id"=>"3"}
  [1m[36mProject Load (0.1ms)[0m  [1mSELECT "projects".* FROM "projects" WHERE "projects"."id" = ? LIMIT 1[0m  [["id", "3"]]
  [1m[35m (0.1ms)[0m  SELECT COUNT(*) FROM "complements" WHERE "complements"."project_id" = 3
  [1m[36mComplement Load (0.1ms)[0m  [1mSELECT "complements".* FROM "complements" WHERE "complements"."project_id" = 3[0m
  Rendered projects/show.html.erb within layouts/application (1.4ms)
Completed 200 OK in 6ms (Views: 5.0ms | ActiveRecord: 0.3ms)


Started GET "/assets/application.css?body=1" for 127.0.0.1 at 2012-12-13 22:09:08 -0500
Served asset /application.css - 304 Not Modified (0ms)


Started GET "/assets/complements.css?body=1" for 127.0.0.1 at 2012-12-13 22:09:08 -0500
Served asset /complements.css - 304 Not Modified (0ms)


Started GET "/assets/jquery.js?body=1" for 127.0.0.1 at 2012-12-13 22:09:08 -0500
Served asset /jquery.js - 304 Not Modified (0ms)


Started GET "/assets/projects.css?body=1" for 127.0.0.1 at 2012-12-13 22:09:08 -0500
Served asset /projects.css - 304 Not Modified (0ms)


Started GET "/assets/scaffolds.css?body=1" for 127.0.0.1 at 2012-12-13 22:09:08 -0500
Served asset /scaffolds.css - 304 Not Modified (0ms)


Started GET "/assets/jquery_ujs.js?body=1" for 127.0.0.1 at 2012-12-13 22:09:08 -0500
Served asset /jquery_ujs.js - 304 Not Modified (0ms)


Started GET "/assets/complements.js?body=1" for 127.0.0.1 at 2012-12-13 22:09:08 -0500
Served asset /complements.js - 304 Not Modified (0ms)


Started GET "/assets/projects.js?body=1" for 127.0.0.1 at 2012-12-13 22:09:08 -0500
Served asset /projects.js - 304 Not Modified (0ms)


Started GET "/assets/application.js?body=1" for 127.0.0.1 at 2012-12-13 22:09:08 -0500
Served asset /application.js - 304 Not Modified (0ms)
